{"numFailedTestSuites":4,"numFailedTests":12,"numPassedTestSuites":18,"numPassedTests":223,"numPendingTestSuites":0,"numPendingTests":0,"numRuntimeErrorTestSuites":0,"numTodoTests":0,"numTotalTestSuites":22,"numTotalTests":235,"openHandles":[],"snapshot":{"added":0,"didUpdate":false,"failure":false,"filesAdded":0,"filesRemoved":0,"filesRemovedList":[],"filesUnmatched":0,"filesUpdated":0,"matched":0,"total":0,"unchecked":0,"uncheckedKeysByFile":[],"unmatched":0,"updated":0},"startTime":1770966146733,"success":false,"testResults":[{"assertionResults":[{"ancestorTitles":["Setup Execution Integration"],"duration":106,"failing":false,"failureDetails":[],"failureMessages":[],"fullName":"Setup Execution Integration Execute setup steps from basic-example.yaml (dry-run)","invocations":1,"location":null,"numPassingAsserts":3,"retryReasons":[],"startAt":1770966151325,"status":"passed","title":"Execute setup steps from basic-example.yaml (dry-run)"},{"ancestorTitles":["Setup Execution Integration"],"duration":53,"failing":false,"failureDetails":[],"failureMessages":[],"fullName":"Setup Execution Integration Execute setup steps from complex-example.yaml (dry-run)","invocations":1,"location":null,"numPassingAsserts":2,"retryReasons":[],"startAt":1770966151431,"status":"passed","title":"Execute setup steps from complex-example.yaml (dry-run)"},{"ancestorTitles":["Setup Execution Integration"],"duration":44,"failing":false,"failureDetails":[],"failureMessages":[],"fullName":"Setup Execution Integration Orchestrator Step 4 integration (simulated)","invocations":1,"location":null,"numPassingAsserts":2,"retryReasons":[],"startAt":1770966151485,"status":"passed","title":"Orchestrator Step 4 integration (simulated)"},{"ancestorTitles":["Setup Execution Integration"],"duration":3,"failing":false,"failureDetails":[],"failureMessages":[],"fullName":"Setup Execution Integration Handle manifest with no setup steps","invocations":1,"location":null,"numPassingAsserts":2,"retryReasons":[],"startAt":1770966151530,"status":"passed","title":"Handle manifest with no setup steps"},{"ancestorTitles":["Setup Execution Integration"],"duration":2,"failing":false,"failureDetails":[],"failureMessages":[],"fullName":"Setup Execution Integration Handle missing manifest gracefully","invocations":1,"location":null,"numPassingAsserts":2,"retryReasons":[],"startAt":1770966151533,"status":"passed","title":"Handle missing manifest gracefully"}],"endTime":1770966151538,"message":"","name":"D:\\dev\\Jetpack\\tests\\integration-setup.test.js","startTime":1770966148023,"status":"passed","summary":""},{"assertionResults":[{"ancestorTitles":["Setup Executor Tests"],"duration":84,"failing":false,"failureDetails":[],"failureMessages":[],"fullName":"Setup Executor Tests Validate valid step","invocations":1,"location":null,"numPassingAsserts":1,"retryReasons":[],"startAt":1770966150399,"status":"passed","title":"Validate valid step"},{"ancestorTitles":["Setup Executor Tests"],"duration":1,"failing":false,"failureDetails":[],"failureMessages":[],"fullName":"Setup Executor Tests Reject step with missing command","invocations":1,"location":null,"numPassingAsserts":1,"retryReasons":[],"startAt":1770966150484,"status":"passed","title":"Reject step with missing command"},{"ancestorTitles":["Setup Executor Tests"],"duration":1,"failing":false,"failureDetails":[],"failureMessages":[],"fullName":"Setup Executor Tests Reject step with empty command","invocations":1,"location":null,"numPassingAsserts":1,"retryReasons":[],"startAt":1770966150486,"status":"passed","title":"Reject step with empty command"},{"ancestorTitles":["Setup Executor Tests"],"duration":3,"failing":false,"failureDetails":[],"failureMessages":[],"fullName":"Setup Executor Tests Reject step with non-string command","invocations":1,"location":null,"numPassingAsserts":1,"retryReasons":[],"startAt":1770966150487,"status":"passed","title":"Reject step with non-string command"},{"ancestorTitles":["Setup Executor Tests"],"duration":4,"failing":false,"failureDetails":[],"failureMessages":[],"fullName":"Setup Executor Tests Reject step with non-string name","invocations":1,"location":null,"numPassingAsserts":1,"retryReasons":[],"startAt":1770966150490,"status":"passed","title":"Reject step with non-string name"},{"ancestorTitles":["Setup Executor Tests"],"duration":246,"failing":false,"failureDetails":[],"failureMessages":[],"fullName":"Setup Executor Tests Execute step in dry-run mode","invocations":1,"location":null,"numPassingAsserts":2,"retryReasons":[],"startAt":1770966150494,"status":"passed","title":"Execute step in dry-run mode"},{"ancestorTitles":["Setup Executor Tests"],"duration":528,"failing":false,"failureDetails":[{"matcherResult":{"expected":false,"message":"\u001b[2mexpect(\u001b[22m\u001b[31mreceived\u001b[39m\u001b[2m).\u001b[22mtoBe\u001b[2m(\u001b[22m\u001b[32mexpected\u001b[39m\u001b[2m) // Object.is equality\u001b[22m\n\nExpected: \u001b[32mfalse\u001b[39m\nReceived: \u001b[31mundefined\u001b[39m","name":"toBe","pass":false}}],"failureMessages":["Error: \u001b[2mexpect(\u001b[22m\u001b[31mreceived\u001b[39m\u001b[2m).\u001b[22mtoBe\u001b[2m(\u001b[22m\u001b[32mexpected\u001b[39m\u001b[2m) // Object.is equality\u001b[22m\n\nExpected: \u001b[32mfalse\u001b[39m\nReceived: \u001b[31mundefined\u001b[39m\n    at Object.toBe (D:\\dev\\Jetpack\\tests\\setup-executor.test.js:83:28)\n    at Promise.finally.completed (D:\\dev\\Jetpack\\node_modules\\jest-circus\\build\\jestAdapterInit.js:1557:28)\n    at new Promise (<anonymous>)\n    at callAsyncCircusFn (D:\\dev\\Jetpack\\node_modules\\jest-circus\\build\\jestAdapterInit.js:1497:10)\n    at _callCircusTest (D:\\dev\\Jetpack\\node_modules\\jest-circus\\build\\jestAdapterInit.js:1007:40)\n    at processTicksAndRejections (node:internal/process/task_queues:95:5)\n    at _runTest (D:\\dev\\Jetpack\\node_modules\\jest-circus\\build\\jestAdapterInit.js:947:3)\n    at D:\\dev\\Jetpack\\node_modules\\jest-circus\\build\\jestAdapterInit.js:849:7\n    at _runTestsForDescribeBlock (D:\\dev\\Jetpack\\node_modules\\jest-circus\\build\\jestAdapterInit.js:862:11)\n    at _runTestsForDescribeBlock (D:\\dev\\Jetpack\\node_modules\\jest-circus\\build\\jestAdapterInit.js:857:11)\n    at run (D:\\dev\\Jetpack\\node_modules\\jest-circus\\build\\jestAdapterInit.js:761:3)\n    at runAndTransformResultsToJestFormat (D:\\dev\\Jetpack\\node_modules\\jest-circus\\build\\jestAdapterInit.js:1918:21)\n    at jestAdapter (D:\\dev\\Jetpack\\node_modules\\jest-circus\\build\\runner.js:101:19)\n    at runTestInternal (D:\\dev\\Jetpack\\node_modules\\jest-runner\\build\\testWorker.js:275:16)\n    at runTest (D:\\dev\\Jetpack\\node_modules\\jest-runner\\build\\testWorker.js:343:7)\n    at Object.worker (D:\\dev\\Jetpack\\node_modules\\jest-runner\\build\\testWorker.js:497:12)"],"fullName":"Setup Executor Tests Execute actual step (safe command)","invocations":1,"location":null,"numPassingAsserts":1,"retryReasons":[],"startAt":1770966150740,"status":"failed","title":"Execute actual step (safe command)"},{"ancestorTitles":["Setup Executor Tests"],"duration":104,"failing":false,"failureDetails":[],"failureMessages":[],"fullName":"Setup Executor Tests Handle failing step correctly","invocations":1,"location":null,"numPassingAsserts":2,"retryReasons":[],"startAt":1770966151311,"status":"passed","title":"Handle failing step correctly"},{"ancestorTitles":["Setup Executor Tests"],"duration":18,"failing":false,"failureDetails":[],"failureMessages":[],"fullName":"Setup Executor Tests Execute multiple steps (dry-run)","invocations":1,"location":null,"numPassingAsserts":2,"retryReasons":[],"startAt":1770966151418,"status":"passed","title":"Execute multiple steps (dry-run)"},{"ancestorTitles":["Setup Executor Tests"],"duration":4,"failing":false,"failureDetails":[],"failureMessages":[],"fullName":"Setup Executor Tests Handle empty steps array","invocations":1,"location":null,"numPassingAsserts":2,"retryReasons":[],"startAt":1770966151436,"status":"passed","title":"Handle empty steps array"},{"ancestorTitles":["Setup Executor Tests"],"duration":3,"failing":false,"failureDetails":[],"failureMessages":[],"fullName":"Setup Executor Tests Handle null/undefined steps","invocations":1,"location":null,"numPassingAsserts":2,"retryReasons":[],"startAt":1770966151441,"status":"passed","title":"Handle null/undefined steps"},{"ancestorTitles":["Setup Executor Tests"],"duration":448,"failing":false,"failureDetails":[],"failureMessages":[],"fullName":"Setup Executor Tests Stop on failure behavior","invocations":1,"location":null,"numPassingAsserts":4,"retryReasons":[],"startAt":1770966151444,"status":"passed","title":"Stop on failure behavior"}],"endTime":1770966151927,"message":"\u001b[1m\u001b[31m  \u001b[1m● \u001b[22m\u001b[1mSetup Executor Tests › Execute actual step (safe command)\u001b[39m\u001b[22m\n\n    \u001b[2mexpect(\u001b[22m\u001b[31mreceived\u001b[39m\u001b[2m).\u001b[22mtoBe\u001b[2m(\u001b[22m\u001b[32mexpected\u001b[39m\u001b[2m) // Object.is equality\u001b[22m\n\n    Expected: \u001b[32mfalse\u001b[39m\n    Received: \u001b[31mundefined\u001b[39m\n\u001b[2m\u001b[22m\n\u001b[2m    \u001b[0m \u001b[90m 81 |\u001b[39m\u001b[22m\n\u001b[2m     \u001b[90m 82 |\u001b[39m     expect(result\u001b[33m.\u001b[39msuccess)\u001b[33m.\u001b[39mtoBe(\u001b[36mtrue\u001b[39m)\u001b[33m;\u001b[39m\u001b[22m\n\u001b[2m    \u001b[31m\u001b[1m>\u001b[22m\u001b[2m\u001b[39m\u001b[90m 83 |\u001b[39m     expect(result\u001b[33m.\u001b[39mskipped)\u001b[33m.\u001b[39mtoBe(\u001b[36mfalse\u001b[39m)\u001b[33m;\u001b[39m\u001b[22m\n\u001b[2m     \u001b[90m    |\u001b[39m                            \u001b[31m\u001b[1m^\u001b[22m\u001b[2m\u001b[39m\u001b[22m\n\u001b[2m     \u001b[90m 84 |\u001b[39m   })\u001b[33m;\u001b[39m\u001b[22m\n\u001b[2m     \u001b[90m 85 |\u001b[39m\u001b[22m\n\u001b[2m     \u001b[90m 86 |\u001b[39m   test(\u001b[32m'Handle failing step correctly'\u001b[39m\u001b[33m,\u001b[39m () \u001b[33m=>\u001b[39m {\u001b[0m\u001b[22m\n\u001b[2m\u001b[22m\n\u001b[2m      \u001b[2mat Object.toBe (\u001b[22m\u001b[2m\u001b[0m\u001b[36mtests/setup-executor.test.js\u001b[39m\u001b[0m\u001b[2m:83:28)\u001b[22m\u001b[2m\u001b[22m\n","name":"D:\\dev\\Jetpack\\tests\\setup-executor.test.js","startTime":1770966148021,"status":"failed","summary":""},{"assertionResults":[{"ancestorTitles":["RollbackState Module","validateStateForRollback()"],"duration":6,"failing":false,"failureDetails":[],"failureMessages":[],"fullName":"RollbackState Module validateStateForRollback() should reject null state","invocations":1,"location":null,"numPassingAsserts":3,"retryReasons":[],"startAt":1770966153576,"status":"passed","title":"should reject null state"},{"ancestorTitles":["RollbackState Module","validateStateForRollback()"],"duration":2,"failing":false,"failureDetails":[],"failureMessages":[],"fullName":"RollbackState Module validateStateForRollback() should reject state without installed flag","invocations":1,"location":null,"numPassingAsserts":2,"retryReasons":[],"startAt":1770966153584,"status":"passed","title":"should reject state without installed flag"},{"ancestorTitles":["RollbackState Module","validateStateForRollback()"],"duration":1,"failing":false,"failureDetails":[],"failureMessages":[],"fullName":"RollbackState Module validateStateForRollback() should reject state without rollback section","invocations":1,"location":null,"numPassingAsserts":2,"retryReasons":[],"startAt":1770966153587,"status":"passed","title":"should reject state without rollback section"},{"ancestorTitles":["RollbackState Module","validateStateForRollback()"],"duration":1,"failing":false,"failureDetails":[],"failureMessages":[],"fullName":"RollbackState Module validateStateForRollback() should accept valid state","invocations":1,"location":null,"numPassingAsserts":2,"retryReasons":[],"startAt":1770966153589,"status":"passed","title":"should accept valid state"},{"ancestorTitles":["RollbackState Module","enhanceStateWithRollbackData()"],"duration":2,"failing":false,"failureDetails":[],"failureMessages":[],"fullName":"RollbackState Module enhanceStateWithRollbackData() should return null for null state","invocations":1,"location":null,"numPassingAsserts":1,"retryReasons":[],"startAt":1770966153591,"status":"passed","title":"should return null for null state"},{"ancestorTitles":["RollbackState Module","enhanceStateWithRollbackData()"],"duration":44,"failing":false,"failureDetails":[],"failureMessages":[],"fullName":"RollbackState Module enhanceStateWithRollbackData() should return state unchanged if rollback section exists","invocations":1,"location":null,"numPassingAsserts":1,"retryReasons":[],"startAt":1770966153594,"status":"passed","title":"should return state unchanged if rollback section exists"},{"ancestorTitles":["RollbackState Module","enhanceStateWithRollbackData()"],"duration":5,"failing":false,"failureDetails":[],"failureMessages":[],"fullName":"RollbackState Module enhanceStateWithRollbackData() should add rollback section to legacy state","invocations":1,"location":null,"numPassingAsserts":5,"retryReasons":[],"startAt":1770966153640,"status":"passed","title":"should add rollback section to legacy state"},{"ancestorTitles":["RollbackState Module","enhanceStateWithRollbackData()"],"duration":33,"failing":false,"failureDetails":[],"failureMessages":[],"fullName":"RollbackState Module enhanceStateWithRollbackData() should extract npm packages from steps","invocations":1,"location":null,"numPassingAsserts":3,"retryReasons":[],"startAt":1770966153647,"status":"passed","title":"should extract npm packages from steps"},{"ancestorTitles":["RollbackState Module","enhanceStateWithRollbackData()"],"duration":2,"failing":false,"failureDetails":[],"failureMessages":[],"fullName":"RollbackState Module enhanceStateWithRollbackData() should extract system packages from steps","invocations":1,"location":null,"numPassingAsserts":3,"retryReasons":[],"startAt":1770966153681,"status":"passed","title":"should extract system packages from steps"},{"ancestorTitles":["RollbackState Module","enhanceStateWithRollbackData()"],"duration":2,"failing":false,"failureDetails":[],"failureMessages":[],"fullName":"RollbackState Module enhanceStateWithRollbackData() should extract python packages from steps","invocations":1,"location":null,"numPassingAsserts":2,"retryReasons":[],"startAt":1770966153683,"status":"passed","title":"should extract python packages from steps"},{"ancestorTitles":["RollbackState Module","getPhaseComponents()"],"duration":1,"failing":false,"failureDetails":[],"failureMessages":[],"fullName":"RollbackState Module getPhaseComponents() should return all components when no phases specified","invocations":1,"location":null,"numPassingAsserts":4,"retryReasons":[],"startAt":1770966153686,"status":"passed","title":"should return all components when no phases specified"},{"ancestorTitles":["RollbackState Module","getPhaseComponents()"],"duration":1,"failing":false,"failureDetails":[],"failureMessages":[],"fullName":"RollbackState Module getPhaseComponents() should return only docs components for docs phase","invocations":1,"location":null,"numPassingAsserts":2,"retryReasons":[],"startAt":1770966153688,"status":"passed","title":"should return only docs components for docs phase"},{"ancestorTitles":["RollbackState Module","getPhaseComponents()"],"duration":3,"failing":false,"failureDetails":[],"failureMessages":[],"fullName":"RollbackState Module getPhaseComponents() should return multiple phase components","invocations":1,"location":null,"numPassingAsserts":4,"retryReasons":[],"startAt":1770966153689,"status":"passed","title":"should return multiple phase components"},{"ancestorTitles":["RollbackState Module","getPhaseComponents()"],"duration":2,"failing":false,"failureDetails":[],"failureMessages":[],"fullName":"RollbackState Module getPhaseComponents() should handle case-insensitive phase names","invocations":1,"location":null,"numPassingAsserts":2,"retryReasons":[],"startAt":1770966153692,"status":"passed","title":"should handle case-insensitive phase names"},{"ancestorTitles":["RollbackState Module","getPhaseComponents()"],"duration":1,"failing":false,"failureDetails":[],"failureMessages":[],"fullName":"RollbackState Module getPhaseComponents() should ignore invalid phase names","invocations":1,"location":null,"numPassingAsserts":3,"retryReasons":[],"startAt":1770966153694,"status":"passed","title":"should ignore invalid phase names"},{"ancestorTitles":["RollbackState Module","parsePartialPhases()"],"duration":1,"failing":false,"failureDetails":[],"failureMessages":[],"fullName":"RollbackState Module parsePartialPhases() should parse comma-separated phases","invocations":1,"location":null,"numPassingAsserts":1,"retryReasons":[],"startAt":1770966153696,"status":"passed","title":"should parse comma-separated phases"},{"ancestorTitles":["RollbackState Module","parsePartialPhases()"],"duration":1,"failing":false,"failureDetails":[],"failureMessages":[],"fullName":"RollbackState Module parsePartialPhases() should trim whitespace","invocations":1,"location":null,"numPassingAsserts":1,"retryReasons":[],"startAt":1770966153698,"status":"passed","title":"should trim whitespace"},{"ancestorTitles":["RollbackState Module","parsePartialPhases()"],"duration":1,"failing":false,"failureDetails":[],"failureMessages":[],"fullName":"RollbackState Module parsePartialPhases() should normalize to lowercase","invocations":1,"location":null,"numPassingAsserts":1,"retryReasons":[],"startAt":1770966153699,"status":"passed","title":"should normalize to lowercase"},{"ancestorTitles":["RollbackState Module","parsePartialPhases()"],"duration":1,"failing":false,"failureDetails":[],"failureMessages":[],"fullName":"RollbackState Module parsePartialPhases() should filter out invalid phases","invocations":1,"location":null,"numPassingAsserts":1,"retryReasons":[],"startAt":1770966153700,"status":"passed","title":"should filter out invalid phases"},{"ancestorTitles":["RollbackState Module","parsePartialPhases()"],"duration":1,"failing":false,"failureDetails":[],"failureMessages":[],"fullName":"RollbackState Module parsePartialPhases() should handle empty string","invocations":1,"location":null,"numPassingAsserts":1,"retryReasons":[],"startAt":1770966153701,"status":"passed","title":"should handle empty string"},{"ancestorTitles":["RollbackState Module","parsePartialPhases()"],"duration":1,"failing":false,"failureDetails":[],"failureMessages":[],"fullName":"RollbackState Module parsePartialPhases() should handle null input","invocations":1,"location":null,"numPassingAsserts":1,"retryReasons":[],"startAt":1770966153702,"status":"passed","title":"should handle null input"},{"ancestorTitles":["RollbackState Module","parsePartialPhases()"],"duration":32,"failing":false,"failureDetails":[],"failureMessages":[],"fullName":"RollbackState Module parsePartialPhases() should accept all valid phase names","invocations":1,"location":null,"numPassingAsserts":1,"retryReasons":[],"startAt":1770966153703,"status":"passed","title":"should accept all valid phase names"},{"ancestorTitles":["RollbackState Module","Integration Tests"],"duration":1,"failing":false,"failureDetails":[],"failureMessages":[],"fullName":"RollbackState Module Integration Tests should handle complete state lifecycle","invocations":1,"location":null,"numPassingAsserts":4,"retryReasons":[],"startAt":1770966153736,"status":"passed","title":"should handle complete state lifecycle"}],"endTime":1770966153748,"message":"","name":"D:\\dev\\Jetpack\\tests\\rollback\\rollback-state.test.js","startTime":1770966152701,"status":"passed","summary":""},{"assertionResults":[{"ancestorTitles":["Setup Execution Integration"],"duration":103,"failing":false,"failureDetails":[],"failureMessages":[],"fullName":"Setup Execution Integration Execute setup steps from basic-example.yaml (dry-run)","invocations":1,"location":null,"numPassingAsserts":3,"retryReasons":[],"startAt":1770966154901,"status":"passed","title":"Execute setup steps from basic-example.yaml (dry-run)"},{"ancestorTitles":["Setup Execution Integration"],"duration":118,"failing":false,"failureDetails":[],"failureMessages":[],"fullName":"Setup Execution Integration Execute setup steps from complex-example.yaml (dry-run)","invocations":1,"location":null,"numPassingAsserts":2,"retryReasons":[],"startAt":1770966155005,"status":"passed","title":"Execute setup steps from complex-example.yaml (dry-run)"},{"ancestorTitles":["Setup Execution Integration"],"duration":195,"failing":false,"failureDetails":[],"failureMessages":[],"fullName":"Setup Execution Integration Orchestrator Step 4 integration (simulated)","invocations":1,"location":null,"numPassingAsserts":2,"retryReasons":[],"startAt":1770966155124,"status":"passed","title":"Orchestrator Step 4 integration (simulated)"},{"ancestorTitles":["Setup Execution Integration"],"duration":3,"failing":false,"failureDetails":[],"failureMessages":[],"fullName":"Setup Execution Integration Handle manifest with no setup steps","invocations":1,"location":null,"numPassingAsserts":2,"retryReasons":[],"startAt":1770966155320,"status":"passed","title":"Handle manifest with no setup steps"},{"ancestorTitles":["Setup Execution Integration"],"duration":2,"failing":false,"failureDetails":[],"failureMessages":[],"fullName":"Setup Execution Integration Handle missing manifest gracefully","invocations":1,"location":null,"numPassingAsserts":2,"retryReasons":[],"startAt":1770966155324,"status":"passed","title":"Handle missing manifest gracefully"}],"endTime":1770966155333,"message":"","name":"D:\\dev\\Jetpack\\tests\\integration-setup.test.js","startTime":1770966153828,"status":"passed","summary":""},{"assertionResults":[{"ancestorTitles":["Config Generator Tests"],"duration":1060,"failing":false,"failureDetails":[{"matcherResult":{"actual":true,"expected":false,"message":"\u001b[2mexpect(\u001b[22m\u001b[31mreceived\u001b[39m\u001b[2m).\u001b[22mtoBe\u001b[2m(\u001b[22m\u001b[32mexpected\u001b[39m\u001b[2m) // Object.is equality\u001b[22m\n\nExpected: \u001b[32mfalse\u001b[39m\nReceived: \u001b[31mtrue\u001b[39m","name":"toBe","pass":false}}],"failureMessages":["Error: \u001b[2mexpect(\u001b[22m\u001b[31mreceived\u001b[39m\u001b[2m).\u001b[22mtoBe\u001b[2m(\u001b[22m\u001b[32mexpected\u001b[39m\u001b[2m) // Object.is equality\u001b[22m\n\nExpected: \u001b[32mfalse\u001b[39m\nReceived: \u001b[31mtrue\u001b[39m\n    at Object.toBe (D:\\dev\\Jetpack\\tests\\config-generator.test.js:39:36)\n    at processTicksAndRejections (node:internal/process/task_queues:95:5)"],"fullName":"Config Generator Tests Dry-run mode (All features)","invocations":1,"location":null,"numPassingAsserts":0,"retryReasons":[],"startAt":1770966151101,"status":"failed","title":"Dry-run mode (All features)"},{"ancestorTitles":["Config Generator Tests"],"duration":3304,"failing":false,"failureDetails":[],"failureMessages":[],"fullName":"Config Generator Tests Actual generation (P0 ENV only)","invocations":1,"location":null,"numPassingAsserts":5,"retryReasons":[],"startAt":1770966152172,"status":"passed","title":"Actual generation (P0 ENV only)"}],"endTime":1770966155546,"message":"\u001b[1m\u001b[31m  \u001b[1m● \u001b[22m\u001b[1mConfig Generator Tests › Dry-run mode (All features)\u001b[39m\u001b[22m\n\n    \u001b[2mexpect(\u001b[22m\u001b[31mreceived\u001b[39m\u001b[2m).\u001b[22mtoBe\u001b[2m(\u001b[22m\u001b[32mexpected\u001b[39m\u001b[2m) // Object.is equality\u001b[22m\n\n    Expected: \u001b[32mfalse\u001b[39m\n    Received: \u001b[31mtrue\u001b[39m\n\u001b[2m\u001b[22m\n\u001b[2m    \u001b[0m \u001b[90m 37 |\u001b[39m     )\u001b[33m;\u001b[39m\u001b[22m\n\u001b[2m     \u001b[90m 38 |\u001b[39m\u001b[22m\n\u001b[2m    \u001b[31m\u001b[1m>\u001b[22m\u001b[2m\u001b[39m\u001b[90m 39 |\u001b[39m     expect(dryRunResult\u001b[33m.\u001b[39mgenerated)\u001b[33m.\u001b[39mtoBe(\u001b[36mfalse\u001b[39m)\u001b[33m;\u001b[39m\u001b[22m\n\u001b[2m     \u001b[90m    |\u001b[39m                                    \u001b[31m\u001b[1m^\u001b[22m\u001b[2m\u001b[39m\u001b[22m\n\u001b[2m     \u001b[90m 40 |\u001b[39m     expect(dryRunResult\u001b[33m.\u001b[39mfiles\u001b[33m.\u001b[39menv\u001b[33m.\u001b[39mcreated\u001b[33m.\u001b[39mlength)\u001b[33m.\u001b[39mtoBeGreaterThan(\u001b[35m0\u001b[39m)\u001b[33m;\u001b[39m\u001b[22m\n\u001b[2m     \u001b[90m 41 |\u001b[39m     expect(dryRunResult\u001b[33m.\u001b[39mfiles\u001b[33m.\u001b[39mssh\u001b[33m.\u001b[39mcreated\u001b[33m.\u001b[39mlength)\u001b[33m.\u001b[39mtoBeGreaterThan(\u001b[35m0\u001b[39m)\u001b[33m;\u001b[39m\u001b[22m\n\u001b[2m     \u001b[90m 42 |\u001b[39m     expect(dryRunResult\u001b[33m.\u001b[39mfiles\u001b[33m.\u001b[39mgit\u001b[33m.\u001b[39mcreated\u001b[33m.\u001b[39mlength)\u001b[33m.\u001b[39mtoBeGreaterThan(\u001b[35m0\u001b[39m)\u001b[33m;\u001b[39m\u001b[0m\u001b[22m\n\u001b[2m\u001b[22m\n\u001b[2m      \u001b[2mat Object.toBe (\u001b[22m\u001b[2m\u001b[0m\u001b[36mtests/config-generator.test.js\u001b[39m\u001b[0m\u001b[2m:39:36)\u001b[22m\u001b[2m\u001b[22m\n","name":"D:\\dev\\Jetpack\\tests\\config-generator.test.js","startTime":1770966147968,"status":"failed","summary":""},{"assertionResults":[{"ancestorTitles":["RollbackActions Module","rollbackDependencies()"],"duration":32,"failing":false,"failureDetails":[],"failureMessages":[],"fullName":"RollbackActions Module rollbackDependencies() should skip all packages if unsafe flag not set","invocations":1,"location":null,"numPassingAsserts":2,"retryReasons":[],"startAt":1770966156446,"status":"passed","title":"should skip all packages if unsafe flag not set"},{"ancestorTitles":["RollbackActions Module","rollbackDependencies()"],"duration":1,"failing":false,"failureDetails":[],"failureMessages":[],"fullName":"RollbackActions Module rollbackDependencies() should skip packages not installed by Jetpack","invocations":1,"location":null,"numPassingAsserts":1,"retryReasons":[],"startAt":1770966156480,"status":"passed","title":"should skip packages not installed by Jetpack"},{"ancestorTitles":["RollbackActions Module","rollbackDependencies()"],"duration":4,"failing":false,"failureDetails":[],"failureMessages":[],"fullName":"RollbackActions Module rollbackDependencies() should handle dry run mode","invocations":1,"location":null,"numPassingAsserts":1,"retryReasons":[],"startAt":1770966156481,"status":"passed","title":"should handle dry run mode"},{"ancestorTitles":["RollbackActions Module","rollbackDependencies()"],"duration":7,"failing":false,"failureDetails":[],"failureMessages":[],"fullName":"RollbackActions Module rollbackDependencies() should handle empty dependency lists","invocations":1,"location":null,"numPassingAsserts":3,"retryReasons":[],"startAt":1770966156485,"status":"passed","title":"should handle empty dependency lists"},{"ancestorTitles":["RollbackActions Module","rollbackConfigs()"],"duration":34,"failing":false,"failureDetails":[],"failureMessages":[],"fullName":"RollbackActions Module rollbackConfigs() should restore .env from backup","invocations":1,"location":null,"numPassingAsserts":2,"retryReasons":[],"startAt":1770966156493,"status":"passed","title":"should restore .env from backup"},{"ancestorTitles":["RollbackActions Module","rollbackConfigs()"],"duration":4,"failing":false,"failureDetails":[],"failureMessages":[],"fullName":"RollbackActions Module rollbackConfigs() should skip restore if backup not found","invocations":1,"location":null,"numPassingAsserts":1,"retryReasons":[],"startAt":1770966156528,"status":"passed","title":"should skip restore if backup not found"},{"ancestorTitles":["RollbackActions Module","rollbackConfigs()"],"duration":6,"failing":false,"failureDetails":[],"failureMessages":[],"fullName":"RollbackActions Module rollbackConfigs() should remove .env.template if exists","invocations":1,"location":null,"numPassingAsserts":2,"retryReasons":[],"startAt":1770966156532,"status":"passed","title":"should remove .env.template if exists"},{"ancestorTitles":["RollbackActions Module","rollbackConfigs()"],"duration":5,"failing":false,"failureDetails":[],"failureMessages":[],"fullName":"RollbackActions Module rollbackConfigs() should remove .env.example if exists","invocations":1,"location":null,"numPassingAsserts":2,"retryReasons":[],"startAt":1770966156538,"status":"passed","title":"should remove .env.example if exists"},{"ancestorTitles":["RollbackActions Module","rollbackConfigs()"],"duration":65,"failing":false,"failureDetails":[],"failureMessages":[],"fullName":"RollbackActions Module rollbackConfigs() should handle dry run mode","invocations":1,"location":null,"numPassingAsserts":3,"retryReasons":[],"startAt":1770966156544,"status":"passed","title":"should handle dry run mode"},{"ancestorTitles":["RollbackActions Module","rollbackSshKeys()"],"duration":56,"failing":false,"failureDetails":[],"failureMessages":[],"fullName":"RollbackActions Module rollbackSshKeys() should remove SSH keys if they exist","invocations":1,"location":null,"numPassingAsserts":3,"retryReasons":[],"startAt":1770966156610,"status":"passed","title":"should remove SSH keys if they exist"},{"ancestorTitles":["RollbackActions Module","rollbackSshKeys()"],"duration":1,"failing":false,"failureDetails":[],"failureMessages":[],"fullName":"RollbackActions Module rollbackSshKeys() should skip if SSH keys not found","invocations":1,"location":null,"numPassingAsserts":1,"retryReasons":[],"startAt":1770966156667,"status":"passed","title":"should skip if SSH keys not found"},{"ancestorTitles":["RollbackActions Module","rollbackSshKeys()"],"duration":6,"failing":false,"failureDetails":[],"failureMessages":[],"fullName":"RollbackActions Module rollbackSshKeys() should handle null key paths","invocations":1,"location":null,"numPassingAsserts":3,"retryReasons":[],"startAt":1770966156671,"status":"passed","title":"should handle null key paths"},{"ancestorTitles":["RollbackActions Module","rollbackSshKeys()"],"duration":7,"failing":false,"failureDetails":[],"failureMessages":[],"fullName":"RollbackActions Module rollbackSshKeys() should handle dry run mode","invocations":1,"location":null,"numPassingAsserts":2,"retryReasons":[],"startAt":1770966156677,"status":"passed","title":"should handle dry run mode"},{"ancestorTitles":["RollbackActions Module","rollbackGitConfig()"],"duration":6,"failing":false,"failureDetails":[],"failureMessages":[],"fullName":"RollbackActions Module rollbackGitConfig() should restore git config values","invocations":1,"location":null,"numPassingAsserts":1,"retryReasons":[],"startAt":1770966156685,"status":"passed","title":"should restore git config values"},{"ancestorTitles":["RollbackActions Module","rollbackGitConfig()"],"duration":2,"failing":false,"failureDetails":[],"failureMessages":[],"fullName":"RollbackActions Module rollbackGitConfig() should unset git config if original was null","invocations":1,"location":null,"numPassingAsserts":1,"retryReasons":[],"startAt":1770966156691,"status":"passed","title":"should unset git config if original was null"},{"ancestorTitles":["RollbackActions Module","rollbackGitConfig()"],"duration":2,"failing":false,"failureDetails":[],"failureMessages":[],"fullName":"RollbackActions Module rollbackGitConfig() should handle empty git config","invocations":1,"location":null,"numPassingAsserts":2,"retryReasons":[],"startAt":1770966156694,"status":"passed","title":"should handle empty git config"},{"ancestorTitles":["RollbackActions Module","rollbackGitConfig()"],"duration":17,"failing":false,"failureDetails":[],"failureMessages":[],"fullName":"RollbackActions Module rollbackGitConfig() should handle null originalGitConfig","invocations":1,"location":null,"numPassingAsserts":2,"retryReasons":[],"startAt":1770966156696,"status":"passed","title":"should handle null originalGitConfig"},{"ancestorTitles":["RollbackActions Module","rollbackDocumentation()"],"duration":36,"failing":false,"failureDetails":[],"failureMessages":[],"fullName":"RollbackActions Module rollbackDocumentation() should remove documentation directory","invocations":1,"location":null,"numPassingAsserts":2,"retryReasons":[],"startAt":1770966156714,"status":"passed","title":"should remove documentation directory"},{"ancestorTitles":["RollbackActions Module","rollbackDocumentation()"],"duration":2,"failing":false,"failureDetails":[],"failureMessages":[],"fullName":"RollbackActions Module rollbackDocumentation() should skip if documentation directory not found","invocations":1,"location":null,"numPassingAsserts":1,"retryReasons":[],"startAt":1770966156751,"status":"passed","title":"should skip if documentation directory not found"},{"ancestorTitles":["RollbackActions Module","rollbackDocumentation()"],"duration":1,"failing":false,"failureDetails":[],"failureMessages":[],"fullName":"RollbackActions Module rollbackDocumentation() should handle null outputDir","invocations":1,"location":null,"numPassingAsserts":2,"retryReasons":[],"startAt":1770966156754,"status":"passed","title":"should handle null outputDir"},{"ancestorTitles":["RollbackActions Module","rollbackDocumentation()"],"duration":9,"failing":false,"failureDetails":[],"failureMessages":[],"fullName":"RollbackActions Module rollbackDocumentation() should handle dry run mode","invocations":1,"location":null,"numPassingAsserts":2,"retryReasons":[],"startAt":1770966156756,"status":"passed","title":"should handle dry run mode"},{"ancestorTitles":["RollbackActions Module","Integration Tests"],"duration":38,"failing":false,"failureDetails":[],"failureMessages":[],"fullName":"RollbackActions Module Integration Tests should handle complete rollback flow","invocations":1,"location":null,"numPassingAsserts":3,"retryReasons":[],"startAt":1770966156766,"status":"passed","title":"should handle complete rollback flow"}],"endTime":1770966156809,"message":"","name":"D:\\dev\\Jetpack\\tests\\rollback\\rollback-actions.test.js","startTime":1770966155873,"status":"passed","summary":""},{"assertionResults":[{"ancestorTitles":["RollbackDiffGenerator tests"],"duration":22,"failing":false,"failureDetails":[],"failureMessages":[],"fullName":"RollbackDiffGenerator tests should generate diff with all sections","invocations":1,"location":null,"numPassingAsserts":3,"retryReasons":[],"startAt":1770966156757,"status":"passed","title":"should generate diff with all sections"},{"ancestorTitles":["RollbackDiffGenerator tests"],"duration":23,"failing":false,"failureDetails":[],"failureMessages":[],"fullName":"RollbackDiffGenerator tests should show warning when unsafe flag not set","invocations":1,"location":null,"numPassingAsserts":1,"retryReasons":[],"startAt":1770966156781,"status":"passed","title":"should show warning when unsafe flag not set"},{"ancestorTitles":["RollbackDiffGenerator tests"],"duration":2,"failing":false,"failureDetails":[],"failureMessages":[],"fullName":"RollbackDiffGenerator tests should format package changes correctly","invocations":1,"location":null,"numPassingAsserts":2,"retryReasons":[],"startAt":1770966156804,"status":"passed","title":"should format package changes correctly"},{"ancestorTitles":["RollbackDiffGenerator tests"],"duration":2,"failing":false,"failureDetails":[],"failureMessages":[],"fullName":"RollbackDiffGenerator tests should format config changes correctly","invocations":1,"location":null,"numPassingAsserts":2,"retryReasons":[],"startAt":1770966156806,"status":"passed","title":"should format config changes correctly"},{"ancestorTitles":["RollbackDiffGenerator tests"],"duration":2,"failing":false,"failureDetails":[],"failureMessages":[],"fullName":"RollbackDiffGenerator tests should format SSH key changes correctly","invocations":1,"location":null,"numPassingAsserts":2,"retryReasons":[],"startAt":1770966156808,"status":"passed","title":"should format SSH key changes correctly"},{"ancestorTitles":["RollbackDiffGenerator tests"],"duration":1,"failing":false,"failureDetails":[],"failureMessages":[],"fullName":"RollbackDiffGenerator tests should format git config changes correctly","invocations":1,"location":null,"numPassingAsserts":2,"retryReasons":[],"startAt":1770966156810,"status":"passed","title":"should format git config changes correctly"},{"ancestorTitles":["RollbackDiffGenerator tests"],"duration":1,"failing":false,"failureDetails":[],"failureMessages":[],"fullName":"RollbackDiffGenerator tests should format docs changes correctly","invocations":1,"location":null,"numPassingAsserts":2,"retryReasons":[],"startAt":1770966156812,"status":"passed","title":"should format docs changes correctly"},{"ancestorTitles":["RollbackDiffGenerator tests"],"duration":2,"failing":false,"failureDetails":[],"failureMessages":[],"fullName":"RollbackDiffGenerator tests should handle empty state gracefully","invocations":1,"location":null,"numPassingAsserts":2,"retryReasons":[],"startAt":1770966156814,"status":"passed","title":"should handle empty state gracefully"},{"ancestorTitles":["RollbackDiffGenerator tests"],"duration":1,"failing":false,"failureDetails":[],"failureMessages":[],"fullName":"RollbackDiffGenerator tests should handle null components","invocations":1,"location":null,"numPassingAsserts":1,"retryReasons":[],"startAt":1770966156816,"status":"passed","title":"should handle null components"}],"endTime":1770966156820,"message":"","name":"D:\\dev\\Jetpack\\tests\\rollback\\rollback-diff-generator.test.js","startTime":1770966156039,"status":"passed","summary":""},{"assertionResults":[{"ancestorTitles":["Copilot Troubleshooter"],"duration":18,"failing":false,"failureDetails":[],"failureMessages":[],"fullName":"Copilot Troubleshooter Analyze Failed Error","invocations":1,"location":null,"numPassingAsserts":2,"retryReasons":[],"startAt":1770966157338,"status":"passed","title":"Analyze Failed Error"},{"ancestorTitles":["Copilot Troubleshooter"],"duration":4,"failing":false,"failureDetails":[],"failureMessages":[],"fullName":"Copilot Troubleshooter Port Conflict Resolution","invocations":1,"location":null,"numPassingAsserts":1,"retryReasons":[],"startAt":1770966157357,"status":"passed","title":"Port Conflict Resolution"},{"ancestorTitles":["Copilot Troubleshooter"],"duration":2,"failing":false,"failureDetails":[],"failureMessages":[],"fullName":"Copilot Troubleshooter Suggest Alternatives","invocations":1,"location":null,"numPassingAsserts":2,"retryReasons":[],"startAt":1770966157361,"status":"passed","title":"Suggest Alternatives"},{"ancestorTitles":["Copilot Troubleshooter"],"duration":3,"failing":false,"failureDetails":[],"failureMessages":[],"fullName":"Copilot Troubleshooter GH CLI missing/error triggers fallback","invocations":1,"location":null,"numPassingAsserts":1,"retryReasons":[],"startAt":1770966157367,"status":"passed","title":"GH CLI missing/error triggers fallback"}],"endTime":1770966157373,"message":"","name":"D:\\dev\\Jetpack\\tests\\copilot-troubleshooter.test.js","startTime":1770966156965,"status":"passed","summary":""},{"assertionResults":[{"ancestorTitles":["Manifest Parser Edge Cases"],"duration":20,"failing":false,"failureDetails":[],"failureMessages":[],"fullName":"Manifest Parser Edge Cases Empty dependency arrays should be valid","invocations":1,"location":null,"numPassingAsserts":4,"retryReasons":[],"startAt":1770966157591,"status":"passed","title":"Empty dependency arrays should be valid"},{"ancestorTitles":["Manifest Parser Edge Cases"],"duration":22,"failing":false,"failureDetails":[],"failureMessages":[],"fullName":"Manifest Parser Edge Cases Manifest with only environment variables","invocations":1,"location":null,"numPassingAsserts":2,"retryReasons":[],"startAt":1770966157612,"status":"passed","title":"Manifest with only environment variables"},{"ancestorTitles":["Manifest Parser Edge Cases"],"duration":3,"failing":false,"failureDetails":[],"failureMessages":[],"fullName":"Manifest Parser Edge Cases Empty environment array should be valid","invocations":1,"location":null,"numPassingAsserts":2,"retryReasons":[],"startAt":1770966157635,"status":"passed","title":"Empty environment array should be valid"},{"ancestorTitles":["Manifest Parser Edge Cases"],"duration":3,"failing":false,"failureDetails":[],"failureMessages":[],"fullName":"Manifest Parser Edge Cases Multiple empty dependency arrays","invocations":1,"location":null,"numPassingAsserts":4,"retryReasons":[],"startAt":1770966157639,"status":"passed","title":"Multiple empty dependency arrays"},{"ancestorTitles":["Manifest Parser Edge Cases"],"duration":3,"failing":false,"failureDetails":[],"failureMessages":[],"fullName":"Manifest Parser Edge Cases Mixed empty and populated arrays","invocations":1,"location":null,"numPassingAsserts":3,"retryReasons":[],"startAt":1770966157643,"status":"passed","title":"Mixed empty and populated arrays"}],"endTime":1770966157647,"message":"","name":"D:\\dev\\Jetpack\\tests\\edge-cases.test.js","startTime":1770966157057,"status":"passed","summary":""},{"assertionResults":[{"ancestorTitles":["Manifest Parser Tests"],"duration":35,"failing":false,"failureDetails":[],"failureMessages":[],"fullName":"Manifest Parser Tests Parse simple basic-example.yaml","invocations":1,"location":null,"numPassingAsserts":7,"retryReasons":[],"startAt":1770966157953,"status":"passed","title":"Parse simple basic-example.yaml"},{"ancestorTitles":["Manifest Parser Tests"],"duration":36,"failing":false,"failureDetails":[],"failureMessages":[],"fullName":"Manifest Parser Tests Parse complex-example.yaml","invocations":1,"location":null,"numPassingAsserts":7,"retryReasons":[],"startAt":1770966157990,"status":"passed","title":"Parse complex-example.yaml"},{"ancestorTitles":["Manifest Parser Tests"],"duration":45,"failing":false,"failureDetails":[],"failureMessages":[],"fullName":"Manifest Parser Tests Handle file not found","invocations":1,"location":null,"numPassingAsserts":1,"retryReasons":[],"startAt":1770966158026,"status":"passed","title":"Handle file not found"},{"ancestorTitles":["Manifest Parser Tests"],"duration":8,"failing":false,"failureDetails":[],"failureMessages":[],"fullName":"Manifest Parser Tests Handle invalid YAML syntax","invocations":1,"location":null,"numPassingAsserts":1,"retryReasons":[],"startAt":1770966158071,"status":"passed","title":"Handle invalid YAML syntax"},{"ancestorTitles":["Manifest Parser Tests"],"duration":4,"failing":false,"failureDetails":[],"failureMessages":[],"fullName":"Manifest Parser Tests Handle missing required fields","invocations":1,"location":null,"numPassingAsserts":1,"retryReasons":[],"startAt":1770966158080,"status":"passed","title":"Handle missing required fields"},{"ancestorTitles":["Manifest Parser Tests"],"duration":3,"failing":false,"failureDetails":[],"failureMessages":[],"fullName":"Manifest Parser Tests Handle empty manifest","invocations":1,"location":null,"numPassingAsserts":1,"retryReasons":[],"startAt":1770966158084,"status":"passed","title":"Handle empty manifest"},{"ancestorTitles":["Manifest Parser Tests"],"duration":7,"failing":false,"failureDetails":[],"failureMessages":[],"fullName":"Manifest Parser Tests Parse minimal valid manifest","invocations":1,"location":null,"numPassingAsserts":3,"retryReasons":[],"startAt":1770966158088,"status":"passed","title":"Parse minimal valid manifest"},{"ancestorTitles":["Manifest Parser Tests"],"duration":3,"failing":false,"failureDetails":[],"failureMessages":[],"fullName":"Manifest Parser Tests Parse manifest with array environment format","invocations":1,"location":null,"numPassingAsserts":3,"retryReasons":[],"startAt":1770966158096,"status":"passed","title":"Parse manifest with array environment format"}],"endTime":1770966158104,"message":"","name":"D:\\dev\\Jetpack\\tests\\manifest-parser.test.js","startTime":1770966157412,"status":"passed","summary":""},{"assertionResults":[{"ancestorTitles":["Copilot Risk Analyzer Tests"],"duration":49,"failing":false,"failureDetails":[],"failureMessages":[],"fullName":"Copilot Risk Analyzer Tests Assess Risks","invocations":1,"location":null,"numPassingAsserts":2,"retryReasons":[],"startAt":1770966158401,"status":"passed","title":"Assess Risks"},{"ancestorTitles":["Copilot Risk Analyzer Tests"],"duration":2,"failing":false,"failureDetails":[],"failureMessages":[],"fullName":"Copilot Risk Analyzer Tests Fallback on Error","invocations":1,"location":null,"numPassingAsserts":1,"retryReasons":[],"startAt":1770966158452,"status":"passed","title":"Fallback on Error"}],"endTime":1770966158458,"message":"","name":"D:\\dev\\Jetpack\\tests\\rollback\\copilot-risk-analyzer.test.js","startTime":1770966157691,"status":"passed","summary":""},{"assertionResults":[{"ancestorTitles":["Copilot Resolver"],"duration":7,"failing":false,"failureDetails":[],"failureMessages":[],"fullName":"Copilot Resolver Version Conflict Resolution","invocations":1,"location":null,"numPassingAsserts":2,"retryReasons":[],"startAt":1770966158854,"status":"passed","title":"Version Conflict Resolution"},{"ancestorTitles":["Copilot Resolver"],"duration":5,"failing":false,"failureDetails":[],"failureMessages":[],"fullName":"Copilot Resolver Peer Dependencies","invocations":1,"location":null,"numPassingAsserts":1,"retryReasons":[],"startAt":1770966158862,"status":"passed","title":"Peer Dependencies"},{"ancestorTitles":["Copilot Resolver"],"duration":2,"failing":false,"failureDetails":[],"failureMessages":[],"fullName":"Copilot Resolver Fallback on Error","invocations":1,"location":null,"numPassingAsserts":1,"retryReasons":[],"startAt":1770966158867,"status":"passed","title":"Fallback on Error"}],"endTime":1770966158872,"message":"","name":"D:\\dev\\Jetpack\\tests\\copilot-resolver.test.js","startTime":1770966158142,"status":"passed","summary":""},{"assertionResults":[{"ancestorTitles":["Manifest Generator Tests"],"duration":18,"failing":false,"failureDetails":[],"failureMessages":[],"fullName":"Manifest Generator Tests Generate from Repo","invocations":1,"location":null,"numPassingAsserts":2,"retryReasons":[],"startAt":1770966159259,"status":"passed","title":"Generate from Repo"},{"ancestorTitles":["Manifest Generator Tests"],"duration":32,"failing":false,"failureDetails":[],"failureMessages":[],"fullName":"Manifest Generator Tests Copilot Error Handling","invocations":1,"location":null,"numPassingAsserts":1,"retryReasons":[],"startAt":1770966159278,"status":"passed","title":"Copilot Error Handling"}],"endTime":1770966159313,"message":"","name":"D:\\dev\\Jetpack\\tests\\manifest-generator.test.js","startTime":1770966158558,"status":"passed","summary":""},{"assertionResults":[{"ancestorTitles":["Manifest Fetcher Tests","Parse repository URL"],"duration":4,"failing":false,"failureDetails":[],"failureMessages":[],"fullName":"Manifest Fetcher Tests Parse repository URL Parse valid HTTPS URL","invocations":1,"location":null,"numPassingAsserts":2,"retryReasons":[],"startAt":1770966153056,"status":"passed","title":"Parse valid HTTPS URL"},{"ancestorTitles":["Manifest Fetcher Tests","Parse repository URL"],"duration":1,"failing":false,"failureDetails":[],"failureMessages":[],"fullName":"Manifest Fetcher Tests Parse repository URL Parse URL with .git suffix","invocations":1,"location":null,"numPassingAsserts":2,"retryReasons":[],"startAt":1770966153062,"status":"passed","title":"Parse URL with .git suffix"},{"ancestorTitles":["Manifest Fetcher Tests","Parse repository URL"],"duration":1,"failing":false,"failureDetails":[],"failureMessages":[],"fullName":"Manifest Fetcher Tests Parse repository URL Parse SSH-style URL","invocations":1,"location":null,"numPassingAsserts":2,"retryReasons":[],"startAt":1770966153063,"status":"passed","title":"Parse SSH-style URL"},{"ancestorTitles":["Manifest Fetcher Tests","Parse repository URL"],"duration":72,"failing":false,"failureDetails":[],"failureMessages":[],"fullName":"Manifest Fetcher Tests Parse repository URL Reject invalid URL","invocations":1,"location":null,"numPassingAsserts":1,"retryReasons":[],"startAt":1770966153065,"status":"passed","title":"Reject invalid URL"},{"ancestorTitles":["Manifest Fetcher Tests","Cache operations"],"duration":14,"failing":false,"failureDetails":[],"failureMessages":[],"fullName":"Manifest Fetcher Tests Cache operations Cache write and read","invocations":1,"location":null,"numPassingAsserts":1,"retryReasons":[],"startAt":1770966153137,"status":"passed","title":"Cache write and read"},{"ancestorTitles":["Manifest Fetcher Tests","Cache operations"],"duration":2,"failing":false,"failureDetails":[],"failureMessages":[],"fullName":"Manifest Fetcher Tests Cache operations Cache returns null for non-existent file","invocations":1,"location":null,"numPassingAsserts":1,"retryReasons":[],"startAt":1770966153151,"status":"passed","title":"Cache returns null for non-existent file"},{"ancestorTitles":["Manifest Fetcher Tests","Cache operations"],"duration":11,"failing":false,"failureDetails":[],"failureMessages":[],"fullName":"Manifest Fetcher Tests Cache operations Cache stats","invocations":1,"location":null,"numPassingAsserts":2,"retryReasons":[],"startAt":1770966153154,"status":"passed","title":"Cache stats"},{"ancestorTitles":["Manifest Fetcher Tests","Cache operations"],"duration":5,"failing":false,"failureDetails":[],"failureMessages":[],"fullName":"Manifest Fetcher Tests Cache operations Clear specific cache","invocations":1,"location":null,"numPassingAsserts":1,"retryReasons":[],"startAt":1770966153165,"status":"passed","title":"Clear specific cache"},{"ancestorTitles":["Manifest Fetcher Tests"],"duration":7475,"failing":false,"failureDetails":[],"failureMessages":[],"fullName":"Manifest Fetcher Tests Check gh CLI availability","invocations":1,"location":null,"numPassingAsserts":1,"retryReasons":[],"startAt":1770966153171,"status":"passed","title":"Check gh CLI availability"},{"ancestorTitles":["Manifest Fetcher Tests"],"duration":11,"failing":false,"failureDetails":[],"failureMessages":[],"fullName":"Manifest Fetcher Tests Cache bypass with noCache option","invocations":1,"location":null,"numPassingAsserts":1,"retryReasons":[],"startAt":1770966160649,"status":"passed","title":"Cache bypass with noCache option"},{"ancestorTitles":["Manifest Fetcher Tests"],"duration":4,"failing":false,"failureDetails":[],"failureMessages":[],"fullName":"Manifest Fetcher Tests Handle invalid repository URL gracefully","invocations":1,"location":null,"numPassingAsserts":1,"retryReasons":[],"startAt":1770966160660,"status":"passed","title":"Handle invalid repository URL gracefully"},{"ancestorTitles":["Manifest Fetcher Tests"],"duration":11,"failing":false,"failureDetails":[],"failureMessages":[],"fullName":"Manifest Fetcher Tests Cache respects 24h TTL","invocations":1,"location":null,"numPassingAsserts":1,"retryReasons":[],"startAt":1770966160665,"status":"passed","title":"Cache respects 24h TTL"},{"ancestorTitles":["Manifest Fetcher Tests"],"duration":7,"failing":false,"failureDetails":[],"failureMessages":[],"fullName":"Manifest Fetcher Tests Tries multiple manifest filenames","invocations":1,"location":null,"numPassingAsserts":1,"retryReasons":[],"startAt":1770966160677,"status":"passed","title":"Tries multiple manifest filenames"}],"endTime":1770966160710,"message":"","name":"D:\\dev\\Jetpack\\tests\\manifest-fetcher.test.js","startTime":1770966151940,"status":"passed","summary":""},{"assertionResults":[{"ancestorTitles":["Verification System Integration"],"duration":45,"failing":false,"failureDetails":[],"failureMessages":[],"fullName":"Verification System Integration CheckResult state transitions","invocations":1,"location":null,"numPassingAsserts":4,"retryReasons":[],"startAt":1770966151966,"status":"passed","title":"CheckResult state transitions"},{"ancestorTitles":["Verification System Integration"],"duration":2,"failing":false,"failureDetails":[],"failureMessages":[],"fullName":"Verification System Integration VerificationResult summary calculations","invocations":1,"location":null,"numPassingAsserts":4,"retryReasons":[],"startAt":1770966152012,"status":"passed","title":"VerificationResult summary calculations"},{"ancestorTitles":["Verification System Integration"],"duration":2,"failing":false,"failureDetails":[],"failureMessages":[],"fullName":"Verification System Integration ResultBuilder fluent API","invocations":1,"location":null,"numPassingAsserts":2,"retryReasons":[],"startAt":1770966152015,"status":"passed","title":"ResultBuilder fluent API"},{"ancestorTitles":["Verification System Integration"],"duration":962,"failing":false,"failureDetails":[],"failureMessages":[],"fullName":"Verification System Integration CommandCheck execution (node --version)","invocations":1,"location":null,"numPassingAsserts":2,"retryReasons":[],"startAt":1770966152017,"status":"passed","title":"CommandCheck execution (node --version)"},{"ancestorTitles":["Verification System Integration"],"duration":404,"failing":false,"failureDetails":[],"failureMessages":[],"fullName":"Verification System Integration CommandCheck failure (invalid command)","invocations":1,"location":null,"numPassingAsserts":1,"retryReasons":[],"startAt":1770966152979,"status":"passed","title":"CommandCheck failure (invalid command)"},{"ancestorTitles":["Verification System Integration"],"duration":27,"failing":false,"failureDetails":[],"failureMessages":[],"fullName":"Verification System Integration FileCheck (package.json exists)","invocations":1,"location":null,"numPassingAsserts":1,"retryReasons":[],"startAt":1770966153383,"status":"passed","title":"FileCheck (package.json exists)"},{"ancestorTitles":["Verification System Integration"],"duration":2,"failing":false,"failureDetails":[],"failureMessages":[],"fullName":"Verification System Integration FileCheck (non-existent file)","invocations":1,"location":null,"numPassingAsserts":1,"retryReasons":[],"startAt":1770966153411,"status":"passed","title":"FileCheck (non-existent file)"},{"ancestorTitles":["Verification System Integration"],"duration":201,"failing":false,"failureDetails":[],"failureMessages":[],"fullName":"Verification System Integration PortCheck (closed port)","invocations":1,"location":null,"numPassingAsserts":1,"retryReasons":[],"startAt":1770966153414,"status":"passed","title":"PortCheck (closed port)"},{"ancestorTitles":["Verification System Integration"],"duration":75,"failing":false,"failureDetails":[],"failureMessages":[],"fullName":"Verification System Integration CheckRegistry registration and factory","invocations":1,"location":null,"numPassingAsserts":5,"retryReasons":[],"startAt":1770966153615,"status":"passed","title":"CheckRegistry registration and factory"},{"ancestorTitles":["Verification System Integration"],"duration":3960,"failing":false,"failureDetails":[],"failureMessages":[],"fullName":"Verification System Integration CheckExecutor basic execution","invocations":1,"location":null,"numPassingAsserts":1,"retryReasons":[],"startAt":1770966153690,"status":"passed","title":"CheckExecutor basic execution"},{"ancestorTitles":["Verification System Integration"],"duration":1390,"failing":false,"failureDetails":[],"failureMessages":[],"fullName":"Verification System Integration CheckExecutor retry logic","invocations":1,"location":null,"numPassingAsserts":2,"retryReasons":[],"startAt":1770966157650,"status":"passed","title":"CheckExecutor retry logic"},{"ancestorTitles":["Verification System Integration"],"duration":2465,"failing":false,"failureDetails":[],"failureMessages":[],"fullName":"Verification System Integration ParallelExecutor serial execution","invocations":1,"location":null,"numPassingAsserts":1,"retryReasons":[],"startAt":1770966159040,"status":"passed","title":"ParallelExecutor serial execution"},{"ancestorTitles":["Verification System Integration"],"duration":1466,"failing":false,"failureDetails":[],"failureMessages":[],"fullName":"Verification System Integration ParallelExecutor parallel execution","invocations":1,"location":null,"numPassingAsserts":1,"retryReasons":[],"startAt":1770966161505,"status":"passed","title":"ParallelExecutor parallel execution"},{"ancestorTitles":["Verification System Integration"],"duration":1700,"failing":false,"failureDetails":[],"failureMessages":[],"fullName":"Verification System Integration ParallelExecutor batch execution by priority","invocations":1,"location":null,"numPassingAsserts":1,"retryReasons":[],"startAt":1770966162971,"status":"passed","title":"ParallelExecutor batch execution by priority"},{"ancestorTitles":["Verification System Integration"],"duration":304,"failing":false,"failureDetails":[],"failureMessages":[],"fullName":"Verification System Integration VerificationOrchestrator end-to-end","invocations":1,"location":null,"numPassingAsserts":1,"retryReasons":[],"startAt":1770966164672,"status":"passed","title":"VerificationOrchestrator end-to-end"},{"ancestorTitles":["Verification System Integration"],"duration":416,"failing":false,"failureDetails":[],"failureMessages":[],"fullName":"Verification System Integration Lenient failure mode (P0 failure continues)","invocations":1,"location":null,"numPassingAsserts":3,"retryReasons":[],"startAt":1770966164977,"status":"passed","title":"Lenient failure mode (P0 failure continues)"},{"ancestorTitles":["Verification System Integration"],"duration":15,"failing":false,"failureDetails":[],"failureMessages":[],"fullName":"Verification System Integration VerificationReporter output","invocations":1,"location":null,"numPassingAsserts":1,"retryReasons":[],"startAt":1770966165394,"status":"passed","title":"VerificationReporter output"},{"ancestorTitles":["Verification System Integration"],"duration":34,"failing":false,"failureDetails":[],"failureMessages":[],"fullName":"Verification System Integration Parse verification-basic.yaml manifest","invocations":1,"location":null,"numPassingAsserts":2,"retryReasons":[],"startAt":1770966165409,"status":"passed","title":"Parse verification-basic.yaml manifest"},{"ancestorTitles":["Verification System Integration"],"duration":1742,"failing":false,"failureDetails":[],"failureMessages":[],"fullName":"Verification System Integration Run verification from verification-basic.yaml","invocations":1,"location":null,"numPassingAsserts":1,"retryReasons":[],"startAt":1770966165443,"status":"passed","title":"Run verification from verification-basic.yaml"},{"ancestorTitles":["Verification System Integration"],"duration":189,"failing":false,"failureDetails":[],"failureMessages":[],"fullName":"Verification System Integration Filter checks by priority","invocations":1,"location":null,"numPassingAsserts":2,"retryReasons":[],"startAt":1770966167185,"status":"passed","title":"Filter checks by priority"}],"endTime":1770966167378,"message":"","name":"D:\\dev\\Jetpack\\tests\\integration-verification.test.js","startTime":1770966148111,"status":"passed","summary":""},{"assertionResults":[{"ancestorTitles":["Verification System Integration"],"duration":12,"failing":false,"failureDetails":[],"failureMessages":[],"fullName":"Verification System Integration CheckResult state transitions","invocations":1,"location":null,"numPassingAsserts":4,"retryReasons":[],"startAt":1770966151744,"status":"passed","title":"CheckResult state transitions"},{"ancestorTitles":["Verification System Integration"],"duration":2,"failing":false,"failureDetails":[],"failureMessages":[],"fullName":"Verification System Integration VerificationResult summary calculations","invocations":1,"location":null,"numPassingAsserts":4,"retryReasons":[],"startAt":1770966151757,"status":"passed","title":"VerificationResult summary calculations"},{"ancestorTitles":["Verification System Integration"],"duration":3,"failing":false,"failureDetails":[],"failureMessages":[],"fullName":"Verification System Integration ResultBuilder fluent API","invocations":1,"location":null,"numPassingAsserts":2,"retryReasons":[],"startAt":1770966151759,"status":"passed","title":"ResultBuilder fluent API"},{"ancestorTitles":["Verification System Integration"],"duration":1023,"failing":false,"failureDetails":[],"failureMessages":[],"fullName":"Verification System Integration CommandCheck execution (node --version)","invocations":1,"location":null,"numPassingAsserts":2,"retryReasons":[],"startAt":1770966151762,"status":"passed","title":"CommandCheck execution (node --version)"},{"ancestorTitles":["Verification System Integration"],"duration":614,"failing":false,"failureDetails":[],"failureMessages":[],"fullName":"Verification System Integration CommandCheck failure (invalid command)","invocations":1,"location":null,"numPassingAsserts":1,"retryReasons":[],"startAt":1770966152785,"status":"passed","title":"CommandCheck failure (invalid command)"},{"ancestorTitles":["Verification System Integration"],"duration":37,"failing":false,"failureDetails":[],"failureMessages":[],"fullName":"Verification System Integration FileCheck (package.json exists)","invocations":1,"location":null,"numPassingAsserts":1,"retryReasons":[],"startAt":1770966153399,"status":"passed","title":"FileCheck (package.json exists)"},{"ancestorTitles":["Verification System Integration"],"duration":6,"failing":false,"failureDetails":[],"failureMessages":[],"fullName":"Verification System Integration FileCheck (non-existent file)","invocations":1,"location":null,"numPassingAsserts":1,"retryReasons":[],"startAt":1770966153436,"status":"passed","title":"FileCheck (non-existent file)"},{"ancestorTitles":["Verification System Integration"],"duration":259,"failing":false,"failureDetails":[],"failureMessages":[],"fullName":"Verification System Integration PortCheck (closed port)","invocations":1,"location":null,"numPassingAsserts":1,"retryReasons":[],"startAt":1770966153443,"status":"passed","title":"PortCheck (closed port)"},{"ancestorTitles":["Verification System Integration"],"duration":75,"failing":false,"failureDetails":[],"failureMessages":[],"fullName":"Verification System Integration CheckRegistry registration and factory","invocations":1,"location":null,"numPassingAsserts":5,"retryReasons":[],"startAt":1770966153702,"status":"passed","title":"CheckRegistry registration and factory"},{"ancestorTitles":["Verification System Integration"],"duration":4053,"failing":false,"failureDetails":[],"failureMessages":[],"fullName":"Verification System Integration CheckExecutor basic execution","invocations":1,"location":null,"numPassingAsserts":1,"retryReasons":[],"startAt":1770966153778,"status":"passed","title":"CheckExecutor basic execution"},{"ancestorTitles":["Verification System Integration"],"duration":1447,"failing":false,"failureDetails":[],"failureMessages":[],"fullName":"Verification System Integration CheckExecutor retry logic","invocations":1,"location":null,"numPassingAsserts":2,"retryReasons":[],"startAt":1770966157832,"status":"passed","title":"CheckExecutor retry logic"},{"ancestorTitles":["Verification System Integration"],"duration":2077,"failing":false,"failureDetails":[],"failureMessages":[],"fullName":"Verification System Integration ParallelExecutor serial execution","invocations":1,"location":null,"numPassingAsserts":1,"retryReasons":[],"startAt":1770966159279,"status":"passed","title":"ParallelExecutor serial execution"},{"ancestorTitles":["Verification System Integration"],"duration":1800,"failing":false,"failureDetails":[],"failureMessages":[],"fullName":"Verification System Integration ParallelExecutor parallel execution","invocations":1,"location":null,"numPassingAsserts":1,"retryReasons":[],"startAt":1770966161356,"status":"passed","title":"ParallelExecutor parallel execution"},{"ancestorTitles":["Verification System Integration"],"duration":1971,"failing":false,"failureDetails":[],"failureMessages":[],"fullName":"Verification System Integration ParallelExecutor batch execution by priority","invocations":1,"location":null,"numPassingAsserts":1,"retryReasons":[],"startAt":1770966163156,"status":"passed","title":"ParallelExecutor batch execution by priority"},{"ancestorTitles":["Verification System Integration"],"duration":240,"failing":false,"failureDetails":[],"failureMessages":[],"fullName":"Verification System Integration VerificationOrchestrator end-to-end","invocations":1,"location":null,"numPassingAsserts":1,"retryReasons":[],"startAt":1770966165127,"status":"passed","title":"VerificationOrchestrator end-to-end"},{"ancestorTitles":["Verification System Integration"],"duration":386,"failing":false,"failureDetails":[],"failureMessages":[],"fullName":"Verification System Integration Lenient failure mode (P0 failure continues)","invocations":1,"location":null,"numPassingAsserts":3,"retryReasons":[],"startAt":1770966165368,"status":"passed","title":"Lenient failure mode (P0 failure continues)"},{"ancestorTitles":["Verification System Integration"],"duration":18,"failing":false,"failureDetails":[],"failureMessages":[],"fullName":"Verification System Integration VerificationReporter output","invocations":1,"location":null,"numPassingAsserts":1,"retryReasons":[],"startAt":1770966165755,"status":"passed","title":"VerificationReporter output"},{"ancestorTitles":["Verification System Integration"],"duration":34,"failing":false,"failureDetails":[],"failureMessages":[],"fullName":"Verification System Integration Parse verification-basic.yaml manifest","invocations":1,"location":null,"numPassingAsserts":2,"retryReasons":[],"startAt":1770966165773,"status":"passed","title":"Parse verification-basic.yaml manifest"},{"ancestorTitles":["Verification System Integration"],"duration":1668,"failing":false,"failureDetails":[],"failureMessages":[],"fullName":"Verification System Integration Run verification from verification-basic.yaml","invocations":1,"location":null,"numPassingAsserts":1,"retryReasons":[],"startAt":1770966165808,"status":"passed","title":"Run verification from verification-basic.yaml"},{"ancestorTitles":["Verification System Integration"],"duration":529,"failing":false,"failureDetails":[],"failureMessages":[],"fullName":"Verification System Integration Filter checks by priority","invocations":1,"location":null,"numPassingAsserts":2,"retryReasons":[],"startAt":1770966167477,"status":"passed","title":"Filter checks by priority"}],"endTime":1770966168012,"message":"","name":"D:\\dev\\Jetpack\\tests\\integration-verification.test.js","startTime":1770966148022,"status":"passed","summary":""},{"assertionResults":[{"ancestorTitles":["RollbackOrchestrator Module","rollback()"],"duration":68,"failing":false,"failureDetails":[],"failureMessages":[],"fullName":"RollbackOrchestrator Module rollback() should fail if no state file exists","invocations":1,"location":null,"numPassingAsserts":2,"retryReasons":[],"startAt":1770966151476,"status":"passed","title":"should fail if no state file exists"},{"ancestorTitles":["RollbackOrchestrator Module","rollback()"],"duration":42,"failing":false,"failureDetails":[],"failureMessages":[],"fullName":"RollbackOrchestrator Module rollback() should handle dry run mode","invocations":1,"location":null,"numPassingAsserts":2,"retryReasons":[],"startAt":1770966151545,"status":"passed","title":"should handle dry run mode"},{"ancestorTitles":["RollbackOrchestrator Module","rollback()"],"duration":39,"failing":false,"failureDetails":[],"failureMessages":[],"fullName":"RollbackOrchestrator Module rollback() should execute full rollback successfully","invocations":1,"location":null,"numPassingAsserts":3,"retryReasons":[],"startAt":1770966151587,"status":"passed","title":"should execute full rollback successfully"},{"ancestorTitles":["RollbackOrchestrator Module","rollback()"],"duration":123,"failing":false,"failureDetails":[],"failureMessages":[],"fullName":"RollbackOrchestrator Module rollback() should handle partial rollback","invocations":1,"location":null,"numPassingAsserts":2,"retryReasons":[],"startAt":1770966151627,"status":"passed","title":"should handle partial rollback"},{"ancestorTitles":["RollbackOrchestrator Module","rollback()"],"duration":16771,"failing":false,"failureDetails":[],"failureMessages":[],"fullName":"RollbackOrchestrator Module rollback() should respect unsafe flag for dependencies","invocations":1,"location":null,"numPassingAsserts":3,"retryReasons":[],"startAt":1770966151752,"status":"passed","title":"should respect unsafe flag for dependencies"},{"ancestorTitles":["RollbackOrchestrator Module","rollback()"],"duration":12,"failing":false,"failureDetails":[],"failureMessages":[],"fullName":"RollbackOrchestrator Module rollback() should clear state after successful full rollback","invocations":1,"location":null,"numPassingAsserts":1,"retryReasons":[],"startAt":1770966168524,"status":"passed","title":"should clear state after successful full rollback"},{"ancestorTitles":["RollbackOrchestrator Module","rollback()"],"duration":11,"failing":false,"failureDetails":[],"failureMessages":[],"fullName":"RollbackOrchestrator Module rollback() should NOT clear state after partial rollback","invocations":1,"location":null,"numPassingAsserts":1,"retryReasons":[],"startAt":1770966168537,"status":"passed","title":"should NOT clear state after partial rollback"},{"ancestorTitles":["RollbackOrchestrator Module","rollback()"],"duration":54,"failing":false,"failureDetails":[],"failureMessages":[],"fullName":"RollbackOrchestrator Module rollback() should handle force flag to continue past validation errors","invocations":1,"location":null,"numPassingAsserts":1,"retryReasons":[],"startAt":1770966168549,"status":"passed","title":"should handle force flag to continue past validation errors"},{"ancestorTitles":["RollbackOrchestrator Module","isSuccessful()"],"duration":3,"failing":false,"failureDetails":[],"failureMessages":[],"fullName":"RollbackOrchestrator Module isSuccessful() should return false if error exists","invocations":1,"location":null,"numPassingAsserts":1,"retryReasons":[],"startAt":1770966168604,"status":"passed","title":"should return false if error exists"},{"ancestorTitles":["RollbackOrchestrator Module","isSuccessful()"],"duration":3,"failing":false,"failureDetails":[],"failureMessages":[],"fullName":"RollbackOrchestrator Module isSuccessful() should return false if any phase has failures","invocations":1,"location":null,"numPassingAsserts":1,"retryReasons":[],"startAt":1770966168608,"status":"passed","title":"should return false if any phase has failures"},{"ancestorTitles":["RollbackOrchestrator Module","isSuccessful()"],"duration":4,"failing":false,"failureDetails":[],"failureMessages":[],"fullName":"RollbackOrchestrator Module isSuccessful() should return true if no failures","invocations":1,"location":null,"numPassingAsserts":1,"retryReasons":[],"startAt":1770966168611,"status":"passed","title":"should return true if no failures"},{"ancestorTitles":["RollbackOrchestrator Module","isSuccessful()"],"duration":2,"failing":false,"failureDetails":[],"failureMessages":[],"fullName":"RollbackOrchestrator Module isSuccessful() should handle empty results","invocations":1,"location":null,"numPassingAsserts":1,"retryReasons":[],"startAt":1770966168616,"status":"passed","title":"should handle empty results"},{"ancestorTitles":["RollbackOrchestrator Module","Integration Tests"],"duration":41,"failing":false,"failureDetails":[],"failureMessages":[],"fullName":"RollbackOrchestrator Module Integration Tests should handle complete rollback workflow","invocations":1,"location":null,"numPassingAsserts":5,"retryReasons":[],"startAt":1770966168618,"status":"passed","title":"should handle complete rollback workflow"},{"ancestorTitles":["RollbackOrchestrator Module","Integration Tests"],"duration":11,"failing":false,"failureDetails":[],"failureMessages":[],"fullName":"RollbackOrchestrator Module Integration Tests should execute phases in correct order","invocations":1,"location":null,"numPassingAsserts":5,"retryReasons":[],"startAt":1770966168659,"status":"passed","title":"should execute phases in correct order"}],"endTime":1770966168673,"message":"","name":"D:\\dev\\Jetpack\\tests\\rollback\\rollback-orchestrator.test.js","startTime":1770966148001,"status":"passed","summary":""},{"assertionResults":[{"ancestorTitles":["RollbackValidator Module","validate()"],"duration":26,"failing":false,"failureDetails":[],"failureMessages":[],"fullName":"RollbackValidator Module validate() should reject invalid state","invocations":1,"location":null,"numPassingAsserts":3,"retryReasons":[],"startAt":1770966150281,"status":"passed","title":"should reject invalid state"},{"ancestorTitles":["RollbackValidator Module","validate()"],"duration":1,"failing":false,"failureDetails":[],"failureMessages":[],"fullName":"RollbackValidator Module validate() should reject state without rollback section","invocations":1,"location":null,"numPassingAsserts":2,"retryReasons":[],"startAt":1770966150308,"status":"passed","title":"should reject state without rollback section"},{"ancestorTitles":["RollbackValidator Module","validate()"],"duration":1,"failing":false,"failureDetails":[],"failureMessages":[],"fullName":"RollbackValidator Module validate() should pass with valid minimal state","invocations":1,"location":null,"numPassingAsserts":2,"retryReasons":[],"startAt":1770966150310,"status":"passed","title":"should pass with valid minimal state"},{"ancestorTitles":["RollbackValidator Module","validate()"],"duration":2,"failing":false,"failureDetails":[],"failureMessages":[],"fullName":"RollbackValidator Module validate() should collect warnings but still be safe","invocations":1,"location":null,"numPassingAsserts":2,"retryReasons":[],"startAt":1770966150311,"status":"passed","title":"should collect warnings but still be safe"},{"ancestorTitles":["RollbackValidator Module","validateBackupsExist()"],"duration":2,"failing":false,"failureDetails":[],"failureMessages":[],"fullName":"RollbackValidator Module validateBackupsExist() should warn if env backup missing","invocations":1,"location":null,"numPassingAsserts":2,"retryReasons":[],"startAt":1770966150313,"status":"passed","title":"should warn if env backup missing"},{"ancestorTitles":["RollbackValidator Module","validateBackupsExist()"],"duration":4,"failing":false,"failureDetails":[],"failureMessages":[],"fullName":"RollbackValidator Module validateBackupsExist() should pass if backup exists","invocations":1,"location":null,"numPassingAsserts":1,"retryReasons":[],"startAt":1770966150315,"status":"passed","title":"should pass if backup exists"},{"ancestorTitles":["RollbackValidator Module","validateBackupsExist()"],"duration":2,"failing":false,"failureDetails":[],"failureMessages":[],"fullName":"RollbackValidator Module validateBackupsExist() should warn if gitignore backup missing","invocations":1,"location":null,"numPassingAsserts":2,"retryReasons":[],"startAt":1770966150319,"status":"passed","title":"should warn if gitignore backup missing"},{"ancestorTitles":["RollbackValidator Module","checkPackageDependents()"],"duration":1,"failing":false,"failureDetails":[],"failureMessages":[],"fullName":"RollbackValidator Module checkPackageDependents() should handle empty package lists","invocations":1,"location":null,"numPassingAsserts":1,"retryReasons":[],"startAt":1770966150321,"status":"passed","title":"should handle empty package lists"},{"ancestorTitles":["RollbackValidator Module","checkPackageDependents()"],"duration":11230,"failing":false,"failureDetails":[],"failureMessages":[],"fullName":"RollbackValidator Module checkPackageDependents() should handle packages without dependents","invocations":1,"location":null,"numPassingAsserts":1,"retryReasons":[],"startAt":1770966150322,"status":"passed","title":"should handle packages without dependents"},{"ancestorTitles":["RollbackValidator Module","checkNpmDependents()"],"duration":5856,"failing":false,"failureDetails":[],"failureMessages":[],"fullName":"RollbackValidator Module checkNpmDependents() should return empty array for nonexistent package","invocations":1,"location":null,"numPassingAsserts":1,"retryReasons":[],"startAt":1770966161553,"status":"passed","title":"should return empty array for nonexistent package"},{"ancestorTitles":["RollbackValidator Module","checkNpmDependents()"],"duration":5143,"failing":false,"failureDetails":[],"failureMessages":[],"fullName":"RollbackValidator Module checkNpmDependents() should handle command errors gracefully","invocations":1,"location":null,"numPassingAsserts":2,"retryReasons":[],"startAt":1770966167410,"status":"passed","title":"should handle command errors gracefully"},{"ancestorTitles":["RollbackValidator Module","checkPipDependents()"],"duration":1486,"failing":false,"failureDetails":[],"failureMessages":[],"fullName":"RollbackValidator Module checkPipDependents() should return empty array for nonexistent package","invocations":1,"location":null,"numPassingAsserts":1,"retryReasons":[],"startAt":1770966172555,"status":"passed","title":"should return empty array for nonexistent package"},{"ancestorTitles":["RollbackValidator Module","checkPipDependents()"],"duration":2263,"failing":false,"failureDetails":[],"failureMessages":[],"fullName":"RollbackValidator Module checkPipDependents() should handle command errors gracefully","invocations":1,"location":null,"numPassingAsserts":2,"retryReasons":[],"startAt":1770966174041,"status":"passed","title":"should handle command errors gracefully"},{"ancestorTitles":["RollbackValidator Module","validateSshKeyBeforeDelete()"],"duration":7,"failing":false,"failureDetails":[],"failureMessages":[],"fullName":"RollbackValidator Module validateSshKeyBeforeDelete() should warn if SSH key missing","invocations":1,"location":null,"numPassingAsserts":2,"retryReasons":[],"startAt":1770966176305,"status":"passed","title":"should warn if SSH key missing"},{"ancestorTitles":["RollbackValidator Module","validateSshKeyBeforeDelete()"],"duration":2,"failing":false,"failureDetails":[],"failureMessages":[],"fullName":"RollbackValidator Module validateSshKeyBeforeDelete() should pass if no SSH keys configured","invocations":1,"location":null,"numPassingAsserts":1,"retryReasons":[],"startAt":1770966176312,"status":"passed","title":"should pass if no SSH keys configured"},{"ancestorTitles":["RollbackValidator Module","validateSshKeyBeforeDelete()"],"duration":2,"failing":false,"failureDetails":[],"failureMessages":[],"fullName":"RollbackValidator Module validateSshKeyBeforeDelete() should expand tilde in path","invocations":1,"location":null,"numPassingAsserts":1,"retryReasons":[],"startAt":1770966176314,"status":"passed","title":"should expand tilde in path"},{"ancestorTitles":["RollbackValidator Module","validateGitConfigBeforeRestore()"],"duration":2,"failing":false,"failureDetails":[],"failureMessages":[],"fullName":"RollbackValidator Module validateGitConfigBeforeRestore() should warn if no original git config values","invocations":1,"location":null,"numPassingAsserts":2,"retryReasons":[],"startAt":1770966176317,"status":"passed","title":"should warn if no original git config values"},{"ancestorTitles":["RollbackValidator Module","validateGitConfigBeforeRestore()"],"duration":1,"failing":false,"failureDetails":[],"failureMessages":[],"fullName":"RollbackValidator Module validateGitConfigBeforeRestore() should pass if git config values exist","invocations":1,"location":null,"numPassingAsserts":1,"retryReasons":[],"startAt":1770966176319,"status":"passed","title":"should pass if git config values exist"},{"ancestorTitles":["RollbackValidator Module","validateGitConfigBeforeRestore()"],"duration":1,"failing":false,"failureDetails":[],"failureMessages":[],"fullName":"RollbackValidator Module validateGitConfigBeforeRestore() should handle null originalGitConfig","invocations":1,"location":null,"numPassingAsserts":1,"retryReasons":[],"startAt":1770966176321,"status":"passed","title":"should handle null originalGitConfig"},{"ancestorTitles":["RollbackValidator Module","Integration Tests"],"duration":4,"failing":false,"failureDetails":[],"failureMessages":[],"fullName":"RollbackValidator Module Integration Tests should perform complete validation flow","invocations":1,"location":null,"numPassingAsserts":3,"retry
[...]
dev\\Jetpack\\node_modules\\jest-circus\\build\\jestAdapterInit.js:849:7\n    at _runTestsForDescribeBlock (D:\\dev\\Jetpack\\node_modules\\jest-circus\\build\\jestAdapterInit.js:862:11)\n    at _runTestsForDescribeBlock (D:\\dev\\Jetpack\\node_modules\\jest-circus\\build\\jestAdapterInit.js:857:11)\n    at run (D:\\dev\\Jetpack\\node_modules\\jest-circus\\build\\jestAdapterInit.js:761:3)\n    at runAndTransformResultsToJestFormat (D:\\dev\\Jetpack\\node_modules\\jest-circus\\build\\jestAdapterInit.js:1918:21)\n    at jestAdapter (D:\\dev\\Jetpack\\node_modules\\jest-circus\\build\\runner.js:101:19)\n    at runTestInternal (D:\\dev\\Jetpack\\node_modules\\jest-runner\\build\\testWorker.js:275:16)\n    at runTest (D:\\dev\\Jetpack\\node_modules\\jest-runner\\build\\testWorker.js:343:7)\n    at Object.worker (D:\\dev\\Jetpack\\node_modules\\jest-runner\\build\\testWorker.js:497:12)"],"fullName":"Documentation Generation Integration Phase 8: Verify context-aware content","invocations":1,"location":null,"numPassingAsserts":0,"retryReasons":[],"startAt":1770966187638,"status":"failed","title":"Phase 8: Verify context-aware content"}],"endTime":1770966187756,"message":"\u001b[1m\u001b[31m  \u001b[1m● \u001b[22m\u001b[1mDocumentation Generation Integration › Phase 4: Generate documentation (actual files)\u001b[39m\u001b[22m\n\n    thrown: \"Exceeded timeout of 5000 ms for a test.\n    Add a timeout value to this test to increase the timeout, if this is a long-running test. See https://jestjs.io/docs/api#testname-fn-timeout.\"\n\u001b[2m\u001b[22m\n\u001b[2m    \u001b[0m \u001b[90m 141 |\u001b[39m\u001b[22m\n\u001b[2m     \u001b[90m 142 |\u001b[39m   \u001b[90m// Phase 4: Actual Documentation Generation\u001b[39m\u001b[22m\n\u001b[2m    \u001b[31m\u001b[1m>\u001b[22m\u001b[2m\u001b[39m\u001b[90m 143 |\u001b[39m   test(\u001b[32m'Phase 4: Generate documentation (actual files)'\u001b[39m\u001b[33m,\u001b[39m \u001b[36masync\u001b[39m () \u001b[33m=>\u001b[39m {\u001b[22m\n\u001b[2m     \u001b[90m     |\u001b[39m   \u001b[31m\u001b[1m^\u001b[22m\u001b[2m\u001b[39m\u001b[22m\n\u001b[2m     \u001b[90m 144 |\u001b[39m     \u001b[36mconst\u001b[39m testOutputDir \u001b[33m=\u001b[39m path\u001b[33m.\u001b[39mresolve(\u001b[32m'test-docs-output'\u001b[39m)\u001b[33m;\u001b[39m\u001b[22m\n\u001b[2m     \u001b[90m 145 |\u001b[39m     \u001b[36mconst\u001b[39m manifest \u001b[33m=\u001b[39m { \u001b[33m...\u001b[39mtestManifest }\u001b[33m;\u001b[39m\u001b[22m\n\u001b[2m     \u001b[90m 146 |\u001b[39m     manifest\u001b[33m.\u001b[39mdocumentation \u001b[33m=\u001b[39m {\u001b[0m\u001b[22m\n\u001b[2m\u001b[22m\n\u001b[2m      \u001b[2mat test (\u001b[22m\u001b[2m\u001b[0m\u001b[36mtests/integration-docs.test.js\u001b[39m\u001b[0m\u001b[2m:143:3)\u001b[22m\u001b[2m\u001b[22m\n\u001b[2m      \u001b[2mat Object.describe (\u001b[22m\u001b[2m\u001b[0m\u001b[36mtests/integration-docs.test.js\u001b[39m\u001b[0m\u001b[2m:11:1)\u001b[22m\u001b[2m\u001b[22m\n\n\u001b[1m\u001b[31m  \u001b[1m● \u001b[22m\u001b[1mDocumentation Generation Integration › Phase 5: Validate generated documentation content\u001b[39m\u001b[22m\n\n    TypeError: The \"path\" argument must be of type string. Received undefined\n\u001b[2m\u001b[22m\n\u001b[2m    \u001b[0m \u001b[90m 172 |\u001b[39m   test(\u001b[32m'Phase 5: Validate generated documentation content'\u001b[39m\u001b[33m,\u001b[39m \u001b[36masync\u001b[39m () \u001b[33m=>\u001b[39m {\u001b[22m\n\u001b[2m     \u001b[90m 173 |\u001b[39m     \u001b[90m// Check quickstart.md\u001b[39m\u001b[22m\n\u001b[2m    \u001b[31m\u001b[1m>\u001b[22m\u001b[2m\u001b[39m\u001b[90m 174 |\u001b[39m     \u001b[36mconst\u001b[39m quickstartPath \u001b[33m=\u001b[39m path\u001b[33m.\u001b[39mjoin(outputDir\u001b[33m,\u001b[39m \u001b[32m'getting-started'\u001b[39m\u001b[33m,\u001b[39m \u001b[32m'quickstart.md'\u001b[39m)\u001b[33m;\u001b[39m\u001b[22m\n\u001b[2m     \u001b[90m     |\u001b[39m                                 \u001b[31m\u001b[1m^\u001b[22m\u001b[2m\u001b[39m\u001b[22m\n\u001b[2m     \u001b[90m 175 |\u001b[39m     \u001b[36mconst\u001b[39m quickstartContent \u001b[33m=\u001b[39m \u001b[36mawait\u001b[39m fs\u001b[33m.\u001b[39mreadFile(quickstartPath\u001b[33m,\u001b[39m \u001b[32m'utf8'\u001b[39m)\u001b[33m;\u001b[39m\u001b[22m\n\u001b[2m     \u001b[90m 176 |\u001b[39m\u001b[22m\n\u001b[2m     \u001b[90m 177 |\u001b[39m     expect(quickstartContent)\u001b[33m.\u001b[39mtoContain(\u001b[32m'# 🚀 Quickstart Guide'\u001b[39m)\u001b[33m;\u001b[39m\u001b[0m\u001b[22m\n\u001b[2m\u001b[22m\n\u001b[2m      \u001b[2mat Object.join (\u001b[22m\u001b[2m\u001b[0m\u001b[36mtests/integration-docs.test.js\u001b[39m\u001b[0m\u001b[2m:174:33)\u001b[22m\u001b[2m\u001b[22m\n\n\u001b[1m\u001b[31m  \u001b[1m● \u001b[22m\u001b[1mDocumentation Generation Integration › Phase 6: Validate Markdown quality\u001b[39m\u001b[22m\n\n    TypeError: generatedFiles is not iterable\n\u001b[2m\u001b[22m\n\u001b[2m    \u001b[0m \u001b[90m 200 |\u001b[39m   \u001b[90m// Phase 6: Markdown Quality Checks\u001b[39m\u001b[22m\n\u001b[2m     \u001b[90m 201 |\u001b[39m   test(\u001b[32m'Phase 6: Validate Markdown quality'\u001b[39m\u001b[33m,\u001b[39m \u001b[36masync\u001b[39m () \u001b[33m=>\u001b[39m {\u001b[22m\n\u001b[2m    \u001b[31m\u001b[1m>\u001b[22m\u001b[2m\u001b[39m\u001b[90m 202 |\u001b[39m     \u001b[36mfor\u001b[39m (\u001b[36mconst\u001b[39m file \u001b[36mof\u001b[39m generatedFiles) {\u001b[22m\n\u001b[2m     \u001b[90m     |\u001b[39m                        \u001b[31m\u001b[1m^\u001b[22m\u001b[2m\u001b[39m\u001b[22m\n\u001b[2m     \u001b[90m 203 |\u001b[39m       \u001b[36mconst\u001b[39m content \u001b[33m=\u001b[39m \u001b[36mawait\u001b[39m fs\u001b[33m.\u001b[39mreadFile(file\u001b[33m,\u001b[39m \u001b[32m'utf8'\u001b[39m)\u001b[33m;\u001b[39m\u001b[22m\n\u001b[2m     \u001b[90m 204 |\u001b[39m       \u001b[36mconst\u001b[39m lines \u001b[33m=\u001b[39m content\u001b[33m.\u001b[39msplit(\u001b[32m'\\n'\u001b[39m)\u001b[33m.\u001b[39mlength\u001b[33m;\u001b[39m\u001b[22m\n\u001b[2m     \u001b[90m 205 |\u001b[39m\u001b[0m\u001b[22m\n\u001b[2m\u001b[22m\n\u001b[2m      \u001b[2mat Object.generatedFiles (\u001b[22m\u001b[2m\u001b[0m\u001b[36mtests/integration-docs.test.js\u001b[39m\u001b[0m\u001b[2m:202:24)\u001b[22m\u001b[2m\u001b[22m\n\n\u001b[1m\u001b[31m  \u001b[1m● \u001b[22m\u001b[1mDocumentation Generation Integration › Phase 7: Verify platform-specific instructions\u001b[39m\u001b[22m\n\n    TypeError: The \"path\" argument must be of type string. Received undefined\n\u001b[2m\u001b[22m\n\u001b[2m    \u001b[0m \u001b[90m 212 |\u001b[39m   \u001b[90m// Phase 7: Platform-Specific Content\u001b[39m\u001b[22m\n\u001b[2m     \u001b[90m 213 |\u001b[39m   test(\u001b[32m'Phase 7: Verify platform-specific instructions'\u001b[39m\u001b[33m,\u001b[39m \u001b[36masync\u001b[39m () \u001b[33m=>\u001b[39m {\u001b[22m\n\u001b[2m    \u001b[31m\u001b[1m>\u001b[22m\u001b[2m\u001b[39m\u001b[90m 214 |\u001b[39m     \u001b[36mconst\u001b[39m envPath \u001b[33m=\u001b[39m path\u001b[33m.\u001b[39mjoin(outputDir\u001b[33m,\u001b[39m \u001b[32m'setup'\u001b[39m\u001b[33m,\u001b[39m \u001b[32m'environment.md'\u001b[39m)\u001b[33m;\u001b[39m\u001b[22m\n\u001b[2m     \u001b[90m     |\u001b[39m                          \u001b[31m\u001b[1m^\u001b[22m\u001b[2m\u001b[39m\u001b[22m\n\u001b[2m     \u001b[90m 215 |\u001b[39m     \u001b[36mconst\u001b[39m envContent \u001b[33m=\u001b[39m \u001b[36mawait\u001b[39m fs\u001b[33m.\u001b[39mreadFile(envPath\u001b[33m,\u001b[39m \u001b[32m'utf8'\u001b[39m)\u001b[33m;\u001b[39m\u001b[22m\n\u001b[2m     \u001b[90m 216 |\u001b[39m\u001b[22m\n\u001b[2m     \u001b[90m 217 |\u001b[39m     expect(envContent)\u001b[33m.\u001b[39mtoContain(\u001b[32m'Windows_NT'\u001b[39m)\u001b[33m;\u001b[39m\u001b[0m\u001b[22m\n\u001b[2m\u001b[22m\n\u001b[2m      \u001b[2mat Object.join (\u001b[22m\u001b[2m\u001b[0m\u001b[36mtests/integration-docs.test.js\u001b[39m\u001b[0m\u001b[2m:214:26)\u001b[22m\u001b[2m\u001b[22m\n\n\u001b[1m\u001b[31m  \u001b[1m● \u001b[22m\u001b[1mDocumentation Generation Integration › Phase 8: Verify context-aware content\u001b[39m\u001b[22m\n\n    TypeError: The \"path\" argument must be of type string. Received undefined\n\u001b[2m\u001b[22m\n\u001b[2m    \u001b[0m \u001b[90m 223 |\u001b[39m   \u001b[90m// Phase 8: Context-Awareness\u001b[39m\u001b[22m\n\u001b[2m     \u001b[90m 224 |\u001b[39m   test(\u001b[32m'Phase 8: Verify context-aware content'\u001b[39m\u001b[33m,\u001b[39m \u001b[36masync\u001b[39m () \u001b[33m=>\u001b[39m {\u001b[22m\n\u001b[2m    \u001b[31m\u001b[1m>\u001b[22m\u001b[2m\u001b[39m\u001b[90m 225 |\u001b[39m     \u001b[36mconst\u001b[39m configPath \u001b[33m=\u001b[39m path\u001b[33m.\u001b[39mjoin(outputDir\u001b[33m,\u001b[39m \u001b[32m'setup'\u001b[39m\u001b[33m,\u001b[39m \u001b[32m'configuration.md'\u001b[39m)\u001b[33m;\u001b[39m\u001b[22m\n\u001b[2m     \u001b[90m     |\u001b[39m                             \u001b[31m\u001b[1m^\u001b[22m\u001b[2m\u001b[39m\u001b[22m\n\u001b[2m     \u001b[90m 226 |\u001b[39m     \u001b[36mconst\u001b[39m configContent \u001b[33m=\u001b[39m \u001b[36mawait\u001b[39m fs\u001b[33m.\u001b[39mreadFile(configPath\u001b[33m,\u001b[39m \u001b[32m'utf8'\u001b[39m)\u001b[33m;\u001b[39m\u001b[22m\n\u001b[2m     \u001b[90m 227 |\u001b[39m\u001b[22m\n\u001b[2m     \u001b[90m 228 |\u001b[39m     expect(configContent)\u001b[33m.\u001b[39mtoContain(\u001b[32m'.env (3 variable'\u001b[39m)\u001b[33m;\u001b[39m\u001b[0m\u001b[22m\n\u001b[2m\u001b[22m\n\u001b[2m      \u001b[2mat Object.join (\u001b[22m\u001b[2m\u001b[0m\u001b[36mtests/integration-docs.test.js\u001b[39m\u001b[0m\u001b[2m:225:29)\u001b[22m\u001b[2m\u001b[22m\n","name":"D:\\dev\\Jetpack\\tests\\integration-docs.test.js","startTime":1770966147980,"status":"failed","summary":""},{"assertionResults":[{"ancestorTitles":["Phase 7: Documentation Generator Tests"],"duration":29,"failing":false,"failureDetails":[],"failureMessages":[],"fullName":"Phase 7: Documentation Generator Tests TemplateEngine: Simple variable replacement","invocations":1,"location":null,"numPassingAsserts":1,"retryReasons":[],"startAt":1770966154146,"status":"passed","title":"TemplateEngine: Simple variable replacement"},{"ancestorTitles":["Phase 7: Documentation Generator Tests"],"duration":3,"failing":false,"failureDetails":[],"failureMessages":[],"fullName":"Phase 7: Documentation Generator Tests TemplateEngine: Nested variable replacement","invocations":1,"location":null,"numPassingAsserts":1,"retryReasons":[],"startAt":1770966154177,"status":"passed","title":"TemplateEngine: Nested variable replacement"},{"ancestorTitles":["Phase 7: Documentation Generator Tests"],"duration":1,"failing":false,"failureDetails":[],"failureMessages":[],"fullName":"Phase 7: Documentation Generator Tests TemplateEngine: Array variable (joins with comma)","invocations":1,"location":null,"numPassingAsserts":1,"retryReasons":[],"startAt":1770966154180,"status":"passed","title":"TemplateEngine: Array variable (joins with comma)"},{"ancestorTitles":["Phase 7: Documentation Generator Tests"],"duration":2,"failing":false,"failureDetails":[],"failureMessages":[],"fullName":"Phase 7: Documentation Generator Tests TemplateEngine: Conditional block (truthy)","invocations":1,"location":null,"numPassingAsserts":1,"retryReasons":[],"startAt":1770966154181,"status":"passed","title":"TemplateEngine: Conditional block (truthy)"},{"ancestorTitles":["Phase 7: Documentation Generator Tests"],"duration":1,"failing":false,"failureDetails":[],"failureMessages":[],"fullName":"Phase 7: Documentation Generator Tests TemplateEngine: Conditional block (falsy)","invocations":1,"location":null,"numPassingAsserts":1,"retryReasons":[],"startAt":1770966154184,"status":"passed","title":"TemplateEngine: Conditional block (falsy)"},{"ancestorTitles":["Phase 7: Documentation Generator Tests"],"duration":1,"failing":false,"failureDetails":[],"failureMessages":[],"fullName":"Phase 7: Documentation Generator Tests TemplateEngine: Loop with primitives","invocations":1,"location":null,"numPassingAsserts":1,"retryReasons":[],"startAt":1770966154185,"status":"passed","title":"TemplateEngine: Loop with primitives"},{"ancestorTitles":["Phase 7: Documentation Generator Tests"],"duration":1,"failing":false,"failureDetails":[],"failureMessages":[],"fullName":"Phase 7: Documentation Generator Tests TemplateEngine: Loop with objects","invocations":1,"location":null,"numPassingAsserts":2,"retryReasons":[],"startAt":1770966154186,"status":"passed","title":"TemplateEngine: Loop with objects"},{"ancestorTitles":["Phase 7: Documentation Generator Tests"],"duration":1,"failing":false,"failureDetails":[],"failureMessages":[],"fullName":"Phase 7: Documentation Generator Tests TemplateEngine: Empty array renders nothing","invocations":1,"location":null,"numPassingAsserts":1,"retryReasons":[],"startAt":1770966154188,"status":"passed","title":"TemplateEngine: Empty array renders nothing"},{"ancestorTitles":["Phase 7: Documentation Generator Tests"],"duration":1,"failing":false,"failureDetails":[],"failureMessages":[],"fullName":"Phase 7: Documentation Generator Tests ContentBuilder: Build dependency table","invocations":1,"location":null,"numPassingAsserts":3,"retryReasons":[],"startAt":1770966154189,"status":"passed","title":"ContentBuilder: Build dependency table"},{"ancestorTitles":["Phase 7: Documentation Generator Tests"],"duration":3,"failing":false,"failureDetails":[],"failureMessages":[],"fullName":"Phase 7: Documentation Generator Tests ContentBuilder: Build empty dependency table","invocations":1,"location":null,"numPassingAsserts":1,"retryReasons":[],"startAt":1770966154190,"status":"passed","title":"ContentBuilder: Build empty dependency table"},{"ancestorTitles":["Phase 7: Documentation Generator Tests"],"duration":1,"failing":false,"failureDetails":[],"failureMessages":[],"fullName":"Phase 7: Documentation Generator Tests ContentBuilder: Build command snippet (bash)","invocations":1,"location":null,"numPassingAsserts":2,"retryReasons":[],"startAt":1770966154193,"status":"passed","title":"ContentBuilder: Build command snippet (bash)"},{"ancestorTitles":["Phase 7: Documentation Generator Tests"],"duration":1,"failing":false,"failureDetails":[],"failureMessages":[],"fullName":"Phase 7: Documentation Generator Tests ContentBuilder: Build command snippet (powershell)","invocations":1,"location":null,"numPassingAsserts":2,"retryReasons":[],"startAt":1770966154195,"status":"passed","title":"ContentBuilder: Build command snippet (powershell)"},{"ancestorTitles":["Phase 7: Documentation Generator Tests"],"duration":2,"failing":false,"failureDetails":[],"failureMessages":[],"fullName":"Phase 7: Documentation Generator Tests ContentBuilder: Build environment list","invocations":1,"location":null,"numPassingAsserts":4,"retryReasons":[],"startAt":1770966154196,"status":"passed","title":"ContentBuilder: Build environment list"},{"ancestorTitles":["Phase 7: Documentation Generator Tests"],"duration":1,"failing":false,"failureDetails":[],"failureMessages":[],"fullName":"Phase 7: Documentation Generator Tests ContentBuilder: Build verification summary (success)","invocations":1,"location":null,"numPassingAsserts":2,"retryReasons":[],"startAt":1770966154199,"status":"passed","title":"ContentBuilder: Build verification summary (success)"},{"ancestorTitles":["Phase 7: Documentation Generator Tests"],"duration":1,"failing":false,"failureDetails":[],"failureMessages":[],"fullName":"Phase 7: Documentation Generator Tests ContentBuilder: Build verification summary (failures)","invocations":1,"location":null,"numPassingAsserts":2,"retryReasons":[],"startAt":1770966154201,"status":"passed","title":"ContentBuilder: Build verification summary (failures)"},{"ancestorTitles":["Phase 7: Documentation Generator Tests"],"duration":1,"failing":false,"failureDetails":[],"failureMessages":[],"fullName":"Phase 7: Documentation Generator Tests ContentBuilder: Build setup steps list","invocations":1,"location":null,"numPassingAsserts":3,"retryReasons":[],"startAt":1770966154203,"status":"passed","title":"ContentBuilder: Build setup steps list"},{"ancestorTitles":["Phase 7: Documentation Generator Tests"],"duration":2,"failing":false,"failureDetails":[],"failureMessages":[],"fullName":"Phase 7: Documentation Generator Tests ContentBuilder: Build config summary","invocations":1,"location":null,"numPassingAsserts":3,"retryReasons":[],"startAt":1770966154204,"status":"passed","title":"ContentBuilder: Build config summary"},{"ancestorTitles":["Phase 7: Documentation Generator Tests"],"duration":1,"failing":false,"failureDetails":[],"failureMessages":[],"fullName":"Phase 7: Documentation Generator Tests ContentBuilder: Build platform note (Windows)","invocations":1,"location":null,"numPassingAsserts":2,"retryReasons":[],"startAt":1770966154206,"status":"passed","title":"ContentBuilder: Build platform note (Windows)"},{"ancestorTitles":["Phase 7: Documentation Generator Tests"],"duration":1,"failing":false,"failureDetails":[],"failureMessages":[],"fullName":"Phase 7: Documentation Generator Tests ContentBuilder: Build platform note (macOS)","invocations":1,"location":null,"numPassingAsserts":2,"retryReasons":[],"startAt":1770966154209,"status":"passed","title":"ContentBuilder: Build platform note (macOS)"},{"ancestorTitles":["Phase 7: Documentation Generator Tests"],"duration":19061,"failing":false,"failureDetails":[],"failureMessages":[],"fullName":"Phase 7: Documentation Generator Tests DocumentGenerator: Parse default config","invocations":1,"location":null,"numPassingAsserts":2,"retryReasons":[],"startAt":1770966154210,"status":"passed","title":"DocumentGenerator: Parse default config"},{"ancestorTitles":["Phase 7: Documentation Generator Tests"],"duration":2,"failing":false,"failureDetails":[],"failureMessages":[],"fullName":"Phase 7: Documentation Generator Tests DocumentGenerator: Respect disabled documentation","invocations":1,"location":null,"numPassingAsserts":2,"retryReasons":[],"startAt":1770966173273,"status":"passed","title":"DocumentGenerator: Respect disabled documentation"},{"ancestorTitles":["Phase 7: Documentation Generator Tests"],"duration":39,"failing":false,"failureDetails":[],"failureMessages":[],"fullName":"Phase 7: Documentation Generator Tests DocumentGenerator: Custom sections","invocations":1,"location":null,"numPassingAsserts":3,"retryReasons":[],"startAt":1770966173275,"status":"passed","title":"DocumentGenerator: Custom sections"},{"ancestorTitles":["Phase 7: Documentation Generator Tests"],"duration":14312,"failing":false,"failureDetails":[],"failureMessages":[],"fullName":"Phase 7: Documentation Generator Tests DocumentGenerator: Extract config from state","invocations":1,"location":null,"numPassingAsserts":1,"retryReasons":[],"startAt":1770966173314,"status":"passed","title":"DocumentGenerator: Extract config from state"},{"ancestorTitles":["Phase 7: Documentation Generator Tests"],"duration":10402,"failing":false,"failureDetails":[],"failureMessages":[],"fullName":"Phase 7: Documentation Generator Tests DocumentGenerator: Extract verification from state","invocations":1,"location":null,"numPassingAsserts":1,"retryReasons":[],"startAt":1770966187627,"status":"passed","title":"DocumentGenerator: Extract verification from state"},{"ancestorTitles":["Phase 7: Documentation Generator Tests"],"duration":11074,"failing":false,"failureDetails":[],"failureMessages":[],"fullName":"Phase 7: Documentation Generator Tests Integration: Generate complete documentation (dry-run)","invocations":1,"location":null,"numPassingAsserts":6,"retryReasons":[],"startAt":1770966198030,"status":"passed","title":"Integration: Generate complete documentation (dry-run)"}],"endTime":1770966209108,"message":"","name":"D:\\dev\\Jetpack\\tests\\doc-generator.test.js","startTime":1770966147985,"status":"passed","summary":""}],"wasInterrupted":false}
